#
# There is insufficient memory for the Java Runtime Environment to continue.
# Native memory allocation (malloc) failed to allocate 32744 bytes for ChunkPool::allocate
# Possible reasons:
#   The system is out of physical RAM or swap space
#   The process is running with CompressedOops enabled, and the Java Heap may be blocking the growth of the native heap
# Possible solutions:
#   Reduce memory load on the system
#   Increase physical memory or swap space
#   Check if swap backing store is full
#   Decrease Java heap size (-Xmx/-Xms)
#   Decrease number of Java threads
#   Decrease Java thread stack sizes (-Xss)
#   Set larger code cache with -XX:ReservedCodeCacheSize=
#   JVM is running with Unscaled Compressed Oops mode in which the Java heap is
#     placed in the first 4GB address space. The Java Heap base address is the
#     maximum limit for the native heap growth. Please use -XX:HeapBaseMinAddress
#     to set the Java Heap base and to place the Java Heap above 4GB virtual address.
# This output file may be truncated or incomplete.
#
#  Out of Memory Error (arena.cpp:78), pid=2204, tid=2232
#
# JRE version: OpenJDK Runtime Environment Temurin-17.0.7+7 (17.0.7+7) (build 17.0.7+7)
# Java VM: OpenJDK 64-Bit Server VM Temurin-17.0.7+7 (17.0.7+7, mixed mode, tiered, compressed oops, compressed class ptrs, g1 gc, windows-amd64)
# No core dump will be written. Minidumps are not enabled by default on client versions of Windows
#

---------------  S U M M A R Y ------------

Command Line: C:\Users\DELL\AppData\Local\Temp\surefire4483178197110413165\surefirebooter9452320211663618853.jar C:\Users\DELL\AppData\Local\Temp\surefire4483178197110413165 2024-01-06T01-30-23_483-jvmRun1 surefire14912139881078714160tmp surefire_07493001404733277548tmp

Host: AMD Athlon Gold 3150U with Radeon Graphics     , 4 cores, 3G,  Windows 11 , 64 bit Build 22621 (10.0.22621.2506)
Time: Sat Jan  6 01:30:54 2024 Pacific Standard Time elapsed time: 29.327121 seconds (0d 0h 0m 29s)

---------------  T H R E A D  ---------------

Current thread (0x000001c56c258cd0):  JavaThread "C2 CompilerThread0" daemon [_thread_in_native, id=2232, stack(0x000000283be00000,0x000000283bf00000)]


Current CompileTask:
C2:  29328 4410       4       org.apache.xmlbeans.impl.store.Xobj::getUser (145 bytes)

Stack: [0x000000283be00000,0x000000283bf00000]
Native frames: (J=compiled Java code, j=interpreted, Vv=VM code, C=native code)
V  [jvm.dll+0x67754a]
V  [jvm.dll+0x834304]
V  [jvm.dll+0x835aae]
V  [jvm.dll+0x836113]
V  [jvm.dll+0x24696f]
V  [jvm.dll+0xac2cc]
V  [jvm.dll+0xac67c]
V  [jvm.dll+0x36a0c2]
V  [jvm.dll+0x5619f9]
V  [jvm.dll+0x32f6e0]
V  [jvm.dll+0x32eb5a]
V  [jvm.dll+0x219641]
V  [jvm.dll+0x218a61]
V  [jvm.dll+0x1a4d8d]
V  [jvm.dll+0x2284da]
V  [jvm.dll+0x226615]
V  [jvm.dll+0x7ea90b]
V  [jvm.dll+0x7e4e7a]
V  [jvm.dll+0x676395]
C  [ucrtbase.dll+0x29363]
C  [KERNEL32.DLL+0x1257d]
C  [ntdll.dll+0x5aa58]


---------------  P R O C E S S  ---------------

Threads class SMR info:
_java_thread_list=0x000001c571d5d750, length=30, elements={
0x000001c555659fb0, 0x000001c56c223260, 0x000001c56c2243f0, 0x000001c56c251100,
0x000001c56c251e80, 0x000001c56c257770, 0x000001c56c258030, 0x000001c56c258cd0,
0x000001c56c272910, 0x000001c56c27ba30, 0x000001c56c4eac20, 0x000001c56c4edc90,
0x000001c56c693a70, 0x000001c56cf88460, 0x000001c56cf88930, 0x000001c56cf7dc30,
0x000001c571c6e010, 0x000001c571427610, 0x000001c5714267a0, 0x000001c56ce469f0,
0x000001c56ce4bbc0, 0x000001c56ce46ec0, 0x000001c56ce4b220, 0x000001c56ce49070,
0x000001c56ce4d8a0, 0x000001c56ce47d30, 0x000001c56ce47390, 0x000001c56ce48200,
0x000001c56ce47860, 0x000001c56ce486d0
}

Java Threads: ( => current thread )
  0x000001c555659fb0 JavaThread "Forwarding clickElement on session ef2017b1f47568e77145e1df8817455e to remote" [_thread_blocked, id=16756, stack(0x000000283b100000,0x000000283b200000)]
  0x000001c56c223260 JavaThread "Reference Handler" daemon [_thread_blocked, id=1672, stack(0x000000283b800000,0x000000283b900000)]
  0x000001c56c2243f0 JavaThread "Finalizer" daemon [_thread_blocked, id=6288, stack(0x000000283b900000,0x000000283ba00000)]
  0x000001c56c251100 JavaThread "Signal Dispatcher" daemon [_thread_blocked, id=11096, stack(0x000000283ba00000,0x000000283bb00000)]
  0x000001c56c251e80 JavaThread "Attach Listener" daemon [_thread_blocked, id=15320, stack(0x000000283bb00000,0x000000283bc00000)]
  0x000001c56c257770 JavaThread "Service Thread" daemon [_thread_blocked, id=10888, stack(0x000000283bc00000,0x000000283bd00000)]
  0x000001c56c258030 JavaThread "Monitor Deflation Thread" daemon [_thread_blocked, id=11772, stack(0x000000283bd00000,0x000000283be00000)]
=>0x000001c56c258cd0 JavaThread "C2 CompilerThread0" daemon [_thread_in_native, id=2232, stack(0x000000283be00000,0x000000283bf00000)]
  0x000001c56c272910 JavaThread "C1 CompilerThread0" daemon [_thread_blocked, id=16388, stack(0x000000283bf00000,0x000000283c000000)]
  0x000001c56c27ba30 JavaThread "Sweeper thread" daemon [_thread_blocked, id=17152, stack(0x000000283c000000,0x000000283c100000)]
  0x000001c56c4eac20 JavaThread "Notification Thread" daemon [_thread_blocked, id=2084, stack(0x000000283c100000,0x000000283c200000)]
  0x000001c56c4edc90 JavaThread "Common-Cleaner" daemon [_thread_blocked, id=12044, stack(0x000000283c300000,0x000000283c400000)]
  0x000001c56c693a70 JavaThread "surefire-forkedjvm-command-thread" daemon [_thread_in_native, id=14364, stack(0x000000283c400000,0x000000283c500000)]
  0x000001c56cf88460 JavaThread "ForkJoinPool.commonPool-worker-1" daemon [_thread_blocked, id=788, stack(0x000000283c900000,0x000000283ca00000)]
  0x000001c56cf88930 JavaThread "ForkJoinPool.commonPool-worker-2" daemon [_thread_blocked, id=12840, stack(0x000000283ca00000,0x000000283cb00000)]
  0x000001c56cf7dc30 JavaThread "ForkJoinPool.commonPool-worker-3" daemon [_thread_blocked, id=6204, stack(0x000000283cb00000,0x000000283cc00000)]
  0x000001c571c6e010 JavaThread "HttpClient-1-SelectorManager" daemon [_thread_in_native, id=15980, stack(0x000000283cc00000,0x000000283cd00000)]
  0x000001c571427610 JavaThread "UrlChecker-2" daemon [_thread_blocked, id=8968, stack(0x000000283d000000,0x000000283d100000)]
  0x000001c5714267a0 JavaThread "HttpClient-2-SelectorManager" daemon [_thread_in_native, id=16752, stack(0x000000283d500000,0x000000283d600000)]
  0x000001c56ce469f0 JavaThread "HttpClient-3-SelectorManager" daemon [_thread_in_native, id=7720, stack(0x000000283cd00000,0x000000283ce00000)]
  0x000001c56ce4bbc0 JavaThread "Thread-9" [_thread_in_native, id=14920, stack(0x000000283ce00000,0x000000283cf00000)]
  0x000001c56ce46ec0 JavaThread "Driver Service Executor" daemon [_thread_blocked, id=6800, stack(0x000000283cf00000,0x000000283d000000)]
  0x000001c56ce4b220 JavaThread "Driver Service Executor" daemon [_thread_in_native, id=5128, stack(0x000000283d300000,0x000000283d400000)]
  0x000001c56ce49070 JavaThread "pool-4-thread-1" [_thread_blocked, id=812, stack(0x000000283d400000,0x000000283d500000)]
  0x000001c56ce4d8a0 JavaThread "pool-4-thread-2" [_thread_blocked, id=2136, stack(0x000000283d600000,0x000000283d700000)]
  0x000001c56ce47d30 JavaThread "HttpClient-4-SelectorManager" daemon [_thread_in_native, id=16116, stack(0x000000283d700000,0x000000283d800000)]
  0x000001c56ce47390 JavaThread "pool-5-thread-1" [_thread_blocked, id=11980, stack(0x000000283d800000,0x000000283d900000)]
  0x000001c56ce48200 JavaThread "pool-5-thread-2" [_thread_blocked, id=11052, stack(0x000000283d900000,0x000000283da00000)]
  0x000001c56ce47860 JavaThread "pool-5-thread-3" [_thread_blocked, id=14724, stack(0x000000283da00000,0x000000283db00000)]
  0x000001c56ce486d0 JavaThread "pool-4-thread-3" [_thread_blocked, id=11452, stack(0x000000283db00000,0x000000283dc00000)]

Other Threads:
  0x000001c55571e590 VMThread "VM Thread" [stack: 0x000000283b700000,0x000000283b800000] [id=9816]
  0x000001c56c4eb4f0 WatcherThread [stack: 0x000000283c200000,0x000000283c300000] [id=12276]
  0x000001c5556937a0 GCTaskThread "GC Thread#0" [stack: 0x000000283b200000,0x000000283b300000] [id=17192]
  0x000001c56ca45e60 GCTaskThread "GC Thread#1" [stack: 0x000000283c500000,0x000000283c600000] [id=16512]
  0x000001c56c72db10 GCTaskThread "GC Thread#2" [stack: 0x000000283c600000,0x000000283c700000] [id=888]
  0x000001c56cdddce0 GCTaskThread "GC Thread#3" [stack: 0x000000283c700000,0x000000283c800000] [id=16980]
  0x000001c55569c280 ConcurrentGCThread "G1 Main Marker" [stack: 0x000000283b300000,0x000000283b400000] [id=5692]
  0x000001c55569cba0 ConcurrentGCThread "G1 Conc#0" [stack: 0x000000283b400000,0x000000283b500000] [id=16040]
  0x000001c5556d93d0 ConcurrentGCThread "G1 Refine#0" [stack: 0x000000283b500000,0x000000283b600000] [id=8704]
  0x000001c56cddd920 ConcurrentGCThread "G1 Refine#1" [stack: 0x000000283c800000,0x000000283c900000] [id=8944]
  0x000001c5556d9d00 ConcurrentGCThread "G1 Service" [stack: 0x000000283b600000,0x000000283b700000] [id=11716]

Threads with active compile tasks:
C2 CompilerThread0    29370 4410       4       org.apache.xmlbeans.impl.store.Xobj::getUser (145 bytes)

VM state: not at safepoint (normal execution)

VM Mutex/Monitor currently owned by a thread: None

Heap address: 0x00000000c9c00000, size: 868 MB, Compressed Oops mode: 32-bit

CDS archive(s) not mapped
Compressed class space mapped at: 0x0000000100000000-0x0000000140000000, reserved size: 1073741824
Narrow klass base: 0x0000000000000000, Narrow klass shift: 3, Narrow klass range: 0x140000000

GC Precious Log:
 CPUs: 4 total, 4 available
 Memory: 3470M
 Large Page Support: Disabled
 NUMA Support: Disabled
 Compressed Oops: Enabled (32-bit)
 Heap Region Size: 1M
 Heap Min Capacity: 8M
 Heap Initial Capacity: 56M
 Heap Max Capacity: 868M
 Pre-touch: Disabled
 Parallel Workers: 4
 Concurrent Workers: 1
 Concurrent Refinement Workers: 4
 Periodic GC: Disabled

Heap:
 garbage-first heap   total 37888K, used 17748K [0x00000000c9c00000, 0x0000000100000000)
  region size 1024K, 6 young (6144K), 1 survivors (1024K)
 Metaspace       used 34883K, committed 35200K, reserved 1114112K
  class space    used 3880K, committed 4032K, reserved 1048576K

Heap Regions: E=young(eden), S=young(survivor), O=old, HS=humongous(starts), HC=humongous(continues), CS=collection set, F=free, OA=open archive, CA=closed archive, TAMS=top-at-mark-start (previous, next)
|   0|0x00000000c9c00000, 0x00000000c9d00000, 0x00000000c9d00000|100%|HS|  |TAMS 0x00000000c9d00000, 0x00000000c9c00000| Complete 
|   1|0x00000000c9d00000, 0x00000000c9e00000, 0x00000000c9e00000|100%| O|  |TAMS 0x00000000c9e00000, 0x00000000c9d00000| Untracked 
|   2|0x00000000c9e00000, 0x00000000c9f00000, 0x00000000c9f00000|100%| O|  |TAMS 0x00000000c9f00000, 0x00000000c9e00000| Untracked 
|   3|0x00000000c9f00000, 0x00000000ca000000, 0x00000000ca000000|100%| O|  |TAMS 0x00000000ca000000, 0x00000000c9f00000| Untracked 
|   4|0x00000000ca000000, 0x00000000ca100000, 0x00000000ca100000|100%| O|  |TAMS 0x00000000ca100000, 0x00000000ca000000| Untracked 
|   5|0x00000000ca100000, 0x00000000ca200000, 0x00000000ca200000|100%| O|  |TAMS 0x00000000ca200000, 0x00000000ca100000| Untracked 
|   6|0x00000000ca200000, 0x00000000ca300000, 0x00000000ca300000|100%| O|  |TAMS 0x00000000ca200000, 0x00000000ca200000| Untracked 
|   7|0x00000000ca300000, 0x00000000ca400000, 0x00000000ca400000|100%| O|  |TAMS 0x00000000ca300000, 0x00000000ca300000| Untracked 
|   8|0x00000000ca400000, 0x00000000ca500000, 0x00000000ca500000|100%| O|  |TAMS 0x00000000ca400000, 0x00000000ca400000| Untracked 
|   9|0x00000000ca500000, 0x00000000ca600000, 0x00000000ca600000|100%| O|  |TAMS 0x00000000ca500000, 0x00000000ca500000| Untracked 
|  10|0x00000000ca600000, 0x00000000ca700000, 0x00000000ca700000|100%| O|  |TAMS 0x00000000ca600000, 0x00000000ca600000| Untracked 
|  11|0x00000000ca700000, 0x00000000ca800000, 0x00000000ca800000|100%| O|  |TAMS 0x00000000ca700000, 0x00000000ca700000| Untracked 
|  12|0x00000000ca800000, 0x00000000ca8ac800, 0x00000000ca900000| 67%| O|  |TAMS 0x00000000ca800000, 0x00000000ca800000| Untracked 
|  13|0x00000000ca900000, 0x00000000ca900000, 0x00000000caa00000|  0%| F|  |TAMS 0x00000000ca900000, 0x00000000ca900000| Untracked 
|  14|0x00000000caa00000, 0x00000000caa00000, 0x00000000cab00000|  0%| F|  |TAMS 0x00000000caa00000, 0x00000000caa00000| Untracked 
|  15|0x00000000cab00000, 0x00000000cab00000, 0x00000000cac00000|  0%| F|  |TAMS 0x00000000cab00000, 0x00000000cab00000| Untracked 
|  16|0x00000000cac00000, 0x00000000cac00000, 0x00000000cad00000|  0%| F|  |TAMS 0x00000000cac00000, 0x00000000cac00000| Untracked 
|  17|0x00000000cad00000, 0x00000000cad00000, 0x00000000cae00000|  0%| F|  |TAMS 0x00000000cad00000, 0x00000000cad00000| Untracked 
|  18|0x00000000cae00000, 0x00000000cae00000, 0x00000000caf00000|  0%| F|  |TAMS 0x00000000cae00000, 0x00000000cae00000| Untracked 
|  19|0x00000000caf00000, 0x00000000caf00000, 0x00000000cb000000|  0%| F|  |TAMS 0x00000000caf00000, 0x00000000caf00000| Untracked 
|  20|0x00000000cb000000, 0x00000000cb000000, 0x00000000cb100000|  0%| F|  |TAMS 0x00000000cb000000, 0x00000000cb000000| Untracked 
|  21|0x00000000cb100000, 0x00000000cb1a8b58, 0x00000000cb200000| 65%| S|CS|TAMS 0x00000000cb100000, 0x00000000cb100000| Complete 
|  22|0x00000000cb200000, 0x00000000cb200000, 0x00000000cb300000|  0%| F|  |TAMS 0x00000000cb200000, 0x00000000cb200000| Untracked 
|  23|0x00000000cb300000, 0x00000000cb300000, 0x00000000cb400000|  0%| F|  |TAMS 0x00000000cb300000, 0x00000000cb300000| Untracked 
|  24|0x00000000cb400000, 0x00000000cb400000, 0x00000000cb500000|  0%| F|  |TAMS 0x00000000cb400000, 0x00000000cb400000| Untracked 
|  25|0x00000000cb500000, 0x00000000cb500000, 0x00000000cb600000|  0%| F|  |TAMS 0x00000000cb500000, 0x00000000cb500000| Untracked 
|  26|0x00000000cb600000, 0x00000000cb600000, 0x00000000cb700000|  0%| F|  |TAMS 0x00000000cb600000, 0x00000000cb600000| Untracked 
|  27|0x00000000cb700000, 0x00000000cb700000, 0x00000000cb800000|  0%| F|  |TAMS 0x00000000cb700000, 0x00000000cb700000| Untracked 
|  28|0x00000000cb800000, 0x00000000cb800000, 0x00000000cb900000|  0%| F|  |TAMS 0x00000000cb800000, 0x00000000cb800000| Untracked 
|  29|0x00000000cb900000, 0x00000000cb900000, 0x00000000cba00000|  0%| F|  |TAMS 0x00000000cb900000, 0x00000000cb900000| Untracked 
|  30|0x00000000cba00000, 0x00000000cba00000, 0x00000000cbb00000|  0%| F|  |TAMS 0x00000000cba00000, 0x00000000cba00000| Untracked 
|  31|0x00000000cbb00000, 0x00000000cbb00000, 0x00000000cbc00000|  0%| F|  |TAMS 0x00000000cbb00000, 0x00000000cbb00000| Untracked 
|  32|0x00000000cbc00000, 0x00000000cbcdd590, 0x00000000cbd00000| 86%| E|  |TAMS 0x00000000cbc00000, 0x00000000cbc00000| Complete 
|  49|0x00000000ccd00000, 0x00000000cce00000, 0x00000000cce00000|100%| E|CS|TAMS 0x00000000ccd00000, 0x00000000ccd00000| Complete 
|  50|0x00000000cce00000, 0x00000000ccf00000, 0x00000000ccf00000|100%| E|CS|TAMS 0x00000000cce00000, 0x00000000cce00000| Complete 
|  51|0x00000000ccf00000, 0x00000000cd000000, 0x00000000cd000000|100%| E|CS|TAMS 0x00000000ccf00000, 0x00000000ccf00000| Complete 
|  55|0x00000000cd300000, 0x00000000cd400000, 0x00000000cd400000|100%| E|CS|TAMS 0x00000000cd300000, 0x00000000cd300000| Complete 

Card table byte_map: [0x000001c567ed0000,0x000001c568090000] _byte_map_base: 0x000001c567882000

Marking Bits (Prev, Next): (CMBitMap*) 0x000001c555694d10, (CMBitMap*) 0x000001c555694cd0
 Prev Bits: [0x000001c568fe0000, 0x000001c569d70000)
 Next Bits: [0x000001c568250000, 0x000001c568fe0000)

Polling page: 0x000001c554e20000

Metaspace:

Usage:
  Non-class:     30.28 MB used.
      Class:      3.79 MB used.
       Both:     34.07 MB used.

Virtual space:
  Non-class space:       64.00 MB reserved,      30.44 MB ( 48%) committed,  1 nodes.
      Class space:        1.00 GB reserved,       3.94 MB ( <1%) committed,  1 nodes.
             Both:        1.06 GB reserved,      34.38 MB (  3%) committed. 

Chunk freelists:
   Non-Class:  844.00 KB
       Class:  11.88 MB
        Both:  12.70 MB

MaxMetaspaceSize: unlimited
CompressedClassSpaceSize: 1.00 GB
Initial GC threshold: 21.00 MB
Current GC threshold: 35.25 MB
CDS: off
MetaspaceReclaimPolicy: balanced
 - commit_granule_bytes: 65536.
 - commit_granule_words: 8192.
 - virtual_space_node_default_size: 8388608.
 - enlarge_chunks_in_place: 1.
 - new_chunks_are_fully_committed: 0.
 - uncommit_free_chunks: 1.
 - use_allocation_guard: 0.
 - handle_deallocations: 1.


Internal statistics:

num_allocs_failed_limit: 3.
num_arena_births: 408.
num_arena_deaths: 0.
num_vsnodes_births: 2.
num_vsnodes_deaths: 0.
num_space_committed: 550.
num_space_uncommitted: 0.
num_chunks_returned_to_freelist: 3.
num_chunks_taken_from_freelist: 1176.
num_chunk_merges: 0.
num_chunk_splits: 747.
num_chunks_enlarged: 525.
num_inconsistent_stats: 0.

CodeHeap 'non-profiled nmethods': size=120000Kb used=1707Kb max_used=1707Kb free=118292Kb
 bounds [0x000001c5607e0000, 0x000001c560a50000, 0x000001c567d10000]
CodeHeap 'profiled nmethods': size=120000Kb used=9490Kb max_used=9490Kb free=110509Kb
 bounds [0x000001c558d10000, 0x000001c559660000, 0x000001c560240000]
CodeHeap 'non-nmethods': size=5760Kb used=1262Kb max_used=1290Kb free=4497Kb
 bounds [0x000001c560240000, 0x000001c5604b0000, 0x000001c5607e0000]
 total_blobs=5038 nmethods=4458 adapters=491
 compilation: enabled
              stopped_count=0, restarted_count=0
 full_count=0

Compilation events (20 events):
Event: 28.963 Thread 0x000001c56c272910 4461       3       com.google.common.collect.ImmutableList::iterator (5 bytes)
Event: 28.963 Thread 0x000001c56c272910 nmethod 4461 0x000001c559650310 code [0x000001c5596504c0, 0x000001c559650768]
Event: 28.963 Thread 0x000001c56c272910 4462       3       com.google.common.collect.ImmutableList::listIterator (6 bytes)
Event: 28.963 Thread 0x000001c56c272910 nmethod 4462 0x000001c559650810 code [0x000001c5596509c0, 0x000001c559650b88]
Event: 28.964 Thread 0x000001c56c272910 4463       3       java.util.HashMap::forEach (112 bytes)
Event: 28.964 Thread 0x000001c56c272910 nmethod 4463 0x000001c559650c10 code [0x000001c559650e00, 0x000001c559651408]
Event: 28.986 Thread 0x000001c56c272910 4466       3       java.util.Iterator::forEachRemaining (30 bytes)
Event: 28.987 Thread 0x000001c56c272910 nmethod 4466 0x000001c559651690 code [0x000001c559651880, 0x000001c559651dd8]
Event: 28.987 Thread 0x000001c56c272910 4467       3       jdk.internal.reflect.ClassFileAssembler::getLength (11 bytes)
Event: 28.987 Thread 0x000001c56c272910 nmethod 4467 0x000001c559651f90 code [0x000001c559652140, 0x000001c5596522f8]
Event: 28.987 Thread 0x000001c56c272910 4465       3       java.util.Spliterators$IteratorSpliterator::forEachRemaining (58 bytes)
Event: 28.988 Thread 0x000001c56c272910 nmethod 4465 0x000001c559652410 code [0x000001c559652600, 0x000001c559652b18]
Event: 28.988 Thread 0x000001c56c272910 4468       3       java.util.ArrayDeque::<init> (14 bytes)
Event: 28.989 Thread 0x000001c56c272910 nmethod 4468 0x000001c559652c90 code [0x000001c559652e40, 0x000001c5596530f8]
Event: 29.219 Thread 0x000001c56c272910 4469       3       com.google.common.collect.Maps::asEntryToEntryFunction (14 bytes)
Event: 29.220 Thread 0x000001c56c272910 nmethod 4469 0x000001c559653210 code [0x000001c5596533e0, 0x000001c559653788]
Event: 29.220 Thread 0x000001c56c272910 4470       3       com.google.common.collect.Maps$13::<init> (10 bytes)
Event: 29.220 Thread 0x000001c56c272910 nmethod 4470 0x000001c559653910 code [0x000001c559653aa0, 0x000001c559653c78]
Event: 29.220 Thread 0x000001c56c272910 4471       3       com.google.common.collect.Iterators::transform (15 bytes)
Event: 29.221 Thread 0x000001c56c272910 nmethod 4471 0x000001c559653d90 code [0x000001c559653f80, 0x000001c559654658]

GC Heap History (20 events):
Event: 1.872 GC heap before
{Heap before GC invocations=1 (full 0):
 garbage-first heap   total 57344K, used 13632K [0x00000000c9c00000, 0x0000000100000000)
  region size 1024K, 9 young (9216K), 2 survivors (2048K)
 Metaspace       used 14398K, committed 14592K, reserved 1114112K
  class space    used 1400K, committed 1472K, reserved 1048576K
}
Event: 1.879 GC heap after
{Heap after GC invocations=2 (full 0):
 garbage-first heap   total 57344K, used 7192K [0x00000000c9c00000, 0x0000000100000000)
  region size 1024K, 1 young (1024K), 1 survivors (1024K)
 Metaspace       used 14398K, committed 14592K, reserved 1114112K
  class space    used 1400K, committed 1472K, reserved 1048576K
}
Event: 4.320 GC heap before
{Heap before GC invocations=2 (full 0):
 garbage-first heap   total 57344K, used 25624K [0x00000000c9c00000, 0x0000000100000000)
  region size 1024K, 19 young (19456K), 1 survivors (1024K)
 Metaspace       used 20428K, committed 20736K, reserved 1114112K
  class space    used 2149K, committed 2304K, reserved 1048576K
}
Event: 4.329 GC heap after
{Heap after GC invocations=3 (full 0):
 garbage-first heap   total 57344K, used 9031K [0x00000000c9c00000, 0x0000000100000000)
  region size 1024K, 3 young (3072K), 3 survivors (3072K)
 Metaspace       used 20428K, committed 20736K, reserved 1114112K
  class space    used 2149K, committed 2304K, reserved 1048576K
}
Event: 4.395 GC heap before
{Heap before GC invocations=3 (full 0):
 garbage-first heap   total 57344K, used 12103K [0x00000000c9c00000, 0x0000000100000000)
  region size 1024K, 7 young (7168K), 3 survivors (3072K)
 Metaspace       used 21223K, committed 21504K, reserved 1114112K
  class space    used 2233K, committed 2368K, reserved 1048576K
}
Event: 4.403 GC heap after
{Heap after GC invocations=4 (full 0):
 garbage-first heap   total 57344K, used 9678K [0x00000000c9c00000, 0x0000000100000000)
  region size 1024K, 3 young (3072K), 3 survivors (3072K)
 Metaspace       used 21223K, committed 21504K, reserved 1114112K
  class space    used 2233K, committed 2368K, reserved 1048576K
}
Event: 9.616 GC heap before
{Heap before GC invocations=5 (full 0):
 garbage-first heap   total 37888K, used 26062K [0x00000000c9c00000, 0x0000000100000000)
  region size 1024K, 21 young (21504K), 3 survivors (3072K)
 Metaspace       used 26009K, committed 26368K, reserved 1114112K
  class space    used 2895K, committed 3072K, reserved 1048576K
}
Event: 9.623 GC heap after
{Heap after GC invocations=6 (full 0):
 garbage-first heap   total 37888K, used 10640K [0x00000000c9c00000, 0x0000000100000000)
  region size 1024K, 2 young (2048K), 2 survivors (2048K)
 Metaspace       used 26009K, committed 26368K, reserved 1114112K
  class space    used 2895K, committed 3072K, reserved 1048576K
}
Event: 9.688 GC heap before
{Heap before GC invocations=6 (full 0):
 garbage-first heap   total 37888K, used 11664K [0x00000000c9c00000, 0x0000000100000000)
  region size 1024K, 3 young (3072K), 2 survivors (2048K)
 Metaspace       used 26267K, committed 26624K, reserved 1114112K
  class space    used 2925K, committed 3136K, reserved 1048576K
}
Event: 9.695 GC heap after
{Heap after GC invocations=7 (full 0):
 garbage-first heap   total 37888K, used 10737K [0x00000000c9c00000, 0x0000000100000000)
  region size 1024K, 1 young (1024K), 1 survivors (1024K)
 Metaspace       used 26267K, committed 26624K, reserved 1114112K
  class space    used 2925K, committed 3136K, reserved 1048576K
}
Event: 21.114 GC heap before
{Heap before GC invocations=7 (full 0):
 garbage-first heap   total 37888K, used 23025K [0x00000000c9c00000, 0x0000000100000000)
  region size 1024K, 14 young (14336K), 1 survivors (1024K)
 Metaspace       used 28918K, committed 29248K, reserved 1114112K
  class space    used 3240K, committed 3392K, reserved 1048576K
}
Event: 21.117 GC heap after
{Heap after GC invocations=8 (full 0):
 garbage-first heap   total 37888K, used 11533K [0x00000000c9c00000, 0x0000000100000000)
  region size 1024K, 2 young (2048K), 2 survivors (2048K)
 Metaspace       used 28918K, committed 29248K, reserved 1114112K
  class space    used 3240K, committed 3392K, reserved 1048576K
}
Event: 21.960 GC heap before
{Heap before GC invocations=8 (full 0):
 garbage-first heap   total 37888K, used 24845K [0x00000000c9c00000, 0x0000000100000000)
  region size 1024K, 15 young (15360K), 2 survivors (2048K)
 Metaspace       used 31784K, committed 32192K, reserved 1114112K
  class space    used 3562K, committed 3776K, reserved 1048576K
}
Event: 21.964 GC heap after
{Heap after GC invocations=9 (full 0):
 garbage-first heap   total 37888K, used 12985K [0x00000000c9c00000, 0x0000000100000000)
  region size 1024K, 2 young (2048K), 2 survivors (2048K)
 Metaspace       used 31784K, committed 32192K, reserved 1114112K
  class space    used 3562K, committed 3776K, reserved 1048576K
}
Event: 22.747 GC heap before
{Heap before GC invocations=9 (full 0):
 garbage-first heap   total 37888K, used 25273K [0x00000000c9c00000, 0x0000000100000000)
  region size 1024K, 14 young (14336K), 2 survivors (2048K)
 Metaspace       used 34045K, committed 34368K, reserved 1114112K
  class space    used 3874K, committed 4032K, reserved 1048576K
}
Event: 22.751 GC heap after
{Heap after GC invocations=10 (full 0):
 garbage-first heap   total 37888K, used 13611K [0x00000000c9c00000, 0x0000000100000000)
  region size 1024K, 1 young (1024K), 1 survivors (1024K)
 Metaspace       used 34045K, committed 34368K, reserved 1114112K
  class space    used 3874K, committed 4032K, reserved 1048576K
}
Event: 25.679 GC heap before
{Heap before GC invocations=10 (full 0):
 garbage-first heap   total 37888K, used 25899K [0x00000000c9c00000, 0x0000000100000000)
  region size 1024K, 14 young (14336K), 1 survivors (1024K)
 Metaspace       used 34482K, committed 34816K, reserved 1114112K
  class space    used 3880K, committed 4032K, reserved 1048576K
}
Event: 25.681 GC heap after
{Heap after GC invocations=11 (full 0):
 garbage-first heap   total 37888K, used 13811K [0x00000000c9c00000, 0x0000000100000000)
  region size 1024K, 1 young (1024K), 1 survivors (1024K)
 Metaspace       used 34482K, committed 34816K, reserved 1114112K
  class space    used 3880K, committed 4032K, reserved 1048576K
}
Event: 28.621 GC heap before
{Heap before GC invocations=11 (full 0):
 garbage-first heap   total 37888K, used 28147K [0x00000000c9c00000, 0x0000000100000000)
  region size 1024K, 15 young (15360K), 1 survivors (1024K)
 Metaspace       used 34821K, committed 35200K, reserved 1114112K
  class space    used 3880K, committed 4032K, reserved 1048576K
}
Event: 28.625 GC heap after
{Heap after GC invocations=12 (full 0):
 garbage-first heap   total 37888K, used 13652K [0x00000000c9c00000, 0x0000000100000000)
  region size 1024K, 1 young (1024K), 1 survivors (1024K)
 Metaspace       used 34821K, committed 35200K, reserved 1114112K
  class space    used 3880K, committed 4032K, reserved 1048576K
}

Dll operation events (9 events):
Event: 0.014 Loaded shared library C:\Users\DELL\Desktop\Selenium Data\eclipse\plugins\org.eclipse.justj.openjdk.hotspot.jre.full.win32.x86_64_17.0.7.v20230425-1502\jre\bin\java.dll
Event: 0.171 Loaded shared library C:\Users\DELL\Desktop\Selenium Data\eclipse\plugins\org.eclipse.justj.openjdk.hotspot.jre.full.win32.x86_64_17.0.7.v20230425-1502\jre\bin\net.dll
Event: 0.177 Loaded shared library C:\Users\DELL\Desktop\Selenium Data\eclipse\plugins\org.eclipse.justj.openjdk.hotspot.jre.full.win32.x86_64_17.0.7.v20230425-1502\jre\bin\nio.dll
Event: 0.203 Loaded shared library C:\Users\DELL\Desktop\Selenium Data\eclipse\plugins\org.eclipse.justj.openjdk.hotspot.jre.full.win32.x86_64_17.0.7.v20230425-1502\jre\bin\zip.dll
Event: 0.517 Loaded shared library C:\Users\DELL\Desktop\Selenium Data\eclipse\plugins\org.eclipse.justj.openjdk.hotspot.jre.full.win32.x86_64_17.0.7.v20230425-1502\jre\bin\management.dll
Event: 0.532 Loaded shared library C:\Users\DELL\Desktop\Selenium Data\eclipse\plugins\org.eclipse.justj.openjdk.hotspot.jre.full.win32.x86_64_17.0.7.v20230425-1502\jre\bin\management_ext.dll
Event: 0.576 Loaded shared library C:\Users\DELL\Desktop\Selenium Data\eclipse\plugins\org.eclipse.justj.openjdk.hotspot.jre.full.win32.x86_64_17.0.7.v20230425-1502\jre\bin\jimage.dll
Event: 0.917 Loaded shared library C:\Users\DELL\Desktop\Selenium Data\eclipse\plugins\org.eclipse.justj.openjdk.hotspot.jre.full.win32.x86_64_17.0.7.v20230425-1502\jre\bin\verify.dll
Event: 4.105 Loaded shared library C:\Users\DELL\Desktop\Selenium Data\eclipse\plugins\org.eclipse.justj.openjdk.hotspot.jre.full.win32.x86_64_17.0.7.v20230425-1502\jre\bin\sunmscapi.dll

Deoptimization events (20 events):
Event: 27.734 Thread 0x000001c555659fb0 Uncommon trap: trap_request=0xffffffbe fr.pc=0x000001c56096f924 relative=0x0000000000002704
Event: 27.734 Thread 0x000001c555659fb0 Uncommon trap: reason=profile_predicate action=maybe_recompile pc=0x000001c56096f924 method=java.util.TreeMap.put(Ljava/lang/Object;Ljava/lang/Object;Z)Ljava/lang/Object; @ 27 c2
Event: 27.734 Thread 0x000001c555659fb0 DEOPT PACKING pc=0x000001c56096f924 sp=0x000000283b1fd290
Event: 27.734 Thread 0x000001c555659fb0 DEOPT UNPACKING pc=0x000001c5602969a3 sp=0x000000283b1fd250 mode 2
Event: 27.739 Thread 0x000001c555659fb0 Uncommon trap: trap_request=0xffffffbe fr.pc=0x000001c56096f924 relative=0x0000000000002704
Event: 27.739 Thread 0x000001c555659fb0 Uncommon trap: reason=profile_predicate action=maybe_recompile pc=0x000001c56096f924 method=java.util.TreeMap.put(Ljava/lang/Object;Ljava/lang/Object;Z)Ljava/lang/Object; @ 27 c2
Event: 27.739 Thread 0x000001c555659fb0 DEOPT PACKING pc=0x000001c56096f924 sp=0x000000283b1fd290
Event: 27.739 Thread 0x000001c555659fb0 DEOPT UNPACKING pc=0x000001c5602969a3 sp=0x000000283b1fd250 mode 2
Event: 27.747 Thread 0x000001c555659fb0 Uncommon trap: trap_request=0xffffffbe fr.pc=0x000001c56096f924 relative=0x0000000000002704
Event: 27.748 Thread 0x000001c555659fb0 Uncommon trap: reason=profile_predicate action=maybe_recompile pc=0x000001c56096f924 method=java.util.TreeMap.put(Ljava/lang/Object;Ljava/lang/Object;Z)Ljava/lang/Object; @ 27 c2
Event: 27.748 Thread 0x000001c555659fb0 DEOPT PACKING pc=0x000001c56096f924 sp=0x000000283b1fd290
Event: 27.748 Thread 0x000001c555659fb0 DEOPT UNPACKING pc=0x000001c5602969a3 sp=0x000000283b1fd250 mode 2
Event: 28.631 Thread 0x000001c555659fb0 Uncommon trap: trap_request=0xffffff76 fr.pc=0x000001c560976810 relative=0x00000000000021b0
Event: 28.631 Thread 0x000001c555659fb0 Uncommon trap: reason=predicate action=maybe_recompile pc=0x000001c560976810 method=org.apache.poi.openxml4j.opc.PackagePartName.compare(Ljava/lang/String;Ljava/lang/String;)I @ 68 c2
Event: 28.631 Thread 0x000001c555659fb0 DEOPT PACKING pc=0x000001c560976810 sp=0x000000283b1fd310
Event: 28.631 Thread 0x000001c555659fb0 DEOPT UNPACKING pc=0x000001c5602969a3 sp=0x000000283b1fd2b0 mode 2
Event: 28.715 Thread 0x000001c555659fb0 Uncommon trap: trap_request=0xffffffde fr.pc=0x000001c5609150fc relative=0x000000000000015c
Event: 28.715 Thread 0x000001c555659fb0 Uncommon trap: reason=class_check action=maybe_recompile pc=0x000001c5609150fc method=org.apache.xmlbeans.impl.store.CharUtil.isValid(Ljava/lang/Object;II)Z @ 64 c2
Event: 28.715 Thread 0x000001c555659fb0 DEOPT PACKING pc=0x000001c5609150fc sp=0x000000283b1fc810
Event: 28.715 Thread 0x000001c555659fb0 DEOPT UNPACKING pc=0x000001c5602969a3 sp=0x000000283b1fc7a0 mode 2

Classes unloaded (0 events):
No events

Classes redefined (0 events):
No events

Internal exceptions (20 events):
Event: 9.054 Thread 0x000001c5714262d0 Exception <a 'java/lang/NoSuchMethodError'{0x00000000cb072528}: 'void java.lang.invoke.DirectMethodHandle$Holder.invokeSpecial(java.lang.Object, java.lang.Object, java.lang.Object, java.lang.Object, java.lang.Object, java.lang.Object, java.lang.Object)'> (0x00000000cb072528) 
thrown [s\src\hotspot\share\interpreter\linkResolver.cpp, line 759]
Event: 9.380 Thread 0x000001c555659fb0 Exception <a 'java/lang/NoSuchMethodError'{0x00000000cae7a320}: 'java.lang.Object java.lang.invoke.DirectMethodHandle$Holder.invokeSpecialIFC(java.lang.Object, java.lang.Object, java.lang.Object)'> (0x00000000cae7a320) 
thrown [s\src\hotspot\share\interpreter\linkResolver.cpp, line 759]
Event: 9.803 Thread 0x000001c555659fb0 Exception <a 'java/lang/NoSuchMethodError'{0x00000000ccef2110}: 'java.lang.Object java.lang.invoke.DirectMethodHandle$Holder.invokeStatic(java.lang.Object, int, java.lang.Object)'> (0x00000000ccef2110) 
thrown [s\src\hotspot\share\interpreter\linkResolver.cpp, line 759]
Event: 9.831 Thread 0x000001c555659fb0 Exception <a 'java/lang/ClassNotFoundException'{0x00000000ccd06b40}: sun/util/logging/resources/spi/loggingProvider> (0x00000000ccd06b40) 
thrown [s\src\hotspot\share\classfile\systemDictionary.cpp, line 256]
Event: 15.255 Thread 0x000001c555659fb0 Exception <a 'java/lang/NoSuchMethodError'{0x00000000cba15420}: 'void java.lang.invoke.DirectMethodHandle$Holder.invokeVirtual(java.lang.Object, java.lang.Object)'> (0x00000000cba15420) 
thrown [s\src\hotspot\share\interpreter\linkResolver.cpp, line 759]
Event: 15.278 Thread 0x000001c555659fb0 Exception <a 'java/lang/NoSuchMethodError'{0x00000000cba26bd0}: 'java.lang.Object java.lang.invoke.DirectMethodHandle$Holder.invokeStatic(java.lang.Object, java.lang.Object, int, java.lang.Object)'> (0x00000000cba26bd0) 
thrown [s\src\hotspot\share\interpreter\linkResolver.cpp, line 759]
Event: 15.300 Thread 0x000001c555659fb0 Exception <a 'java/lang/NoSuchMethodError'{0x00000000cba2e0e0}: 'java.lang.Object java.lang.invoke.DirectMethodHandle$Holder.newInvokeSpecial(java.lang.Object, java.lang.Object, int, java.lang.Object)'> (0x00000000cba2e0e0) 
thrown [s\src\hotspot\share\interpreter\linkResolver.cpp, line 759]
Event: 16.588 Thread 0x000001c571427610 Exception <a 'java/net/ConnectException'{0x00000000cbaad918}: Connection refused: no further information> (0x00000000cbaad918) 
thrown [s\src\hotspot\share\prims\jni.cpp, line 535]
Event: 16.588 Thread 0x000001c571427610 Exception <a 'java/net/SocketException'{0x00000000cbaadc50}: Socket is not connected: shutdown> (0x00000000cbaadc50) 
thrown [s\src\hotspot\share\prims\jni.cpp, line 535]
Event: 16.611 Thread 0x000001c555659fb0 Exception <a 'java/net/SocketException'{0x00000000cbaf7be8}: Socket is not connected: shutdown> (0x00000000cbaf7be8) 
thrown [s\src\hotspot\share\prims\jni.cpp, line 535]
Event: 16.612 Thread 0x000001c555659fb0 Exception <a 'java/net/SocketException'{0x00000000cbaf8450}: Socket is not connected: shutdown> (0x00000000cbaf8450) 
thrown [s\src\hotspot\share\prims\jni.cpp, line 535]
Event: 17.389 Thread 0x000001c571427610 Exception <a 'java/net/ConnectException'{0x00000000cbaaec48}: Connection refused: no further information> (0x00000000cbaaec48) 
thrown [s\src\hotspot\share\prims\jni.cpp, line 535]
Event: 17.389 Thread 0x000001c571427610 Exception <a 'java/net/SocketException'{0x00000000cbaaef80}: Socket is not connected: shutdown> (0x00000000cbaaef80) 
thrown [s\src\hotspot\share\prims\jni.cpp, line 535]
Event: 17.408 Thread 0x000001c571427610 Exception <a 'java/net/ConnectException'{0x00000000cbaaff58}: Connection refused: no further information> (0x00000000cbaaff58) 
thrown [s\src\hotspot\share\prims\jni.cpp, line 535]
Event: 17.408 Thread 0x000001c571427610 Exception <a 'java/net/SocketException'{0x00000000cbab0290}: Socket is not connected: shutdown> (0x00000000cbab0290) 
thrown [s\src\hotspot\share\prims\jni.cpp, line 535]
Event: 17.440 Thread 0x000001c571427610 Exception <a 'java/net/ConnectException'{0x00000000cbab1268}: Connection refused: no further information> (0x00000000cbab1268) 
thrown [s\src\hotspot\share\prims\jni.cpp, line 535]
Event: 17.440 Thread 0x000001c571427610 Exception <a 'java/net/SocketException'{0x00000000cbab15a0}: Socket is not connected: shutdown> (0x00000000cbab15a0) 
thrown [s\src\hotspot\share\prims\jni.cpp, line 535]
Event: 21.018 Thread 0x000001c555659fb0 Exception <a 'java/lang/NoSuchMethodError'{0x00000000cb4af838}: 'void java.lang.invoke.DirectMethodHandle$Holder.invokeVirtual(java.lang.Object, java.lang.Object, java.lang.Object, java.lang.Object)'> (0x00000000cb4af838) 
thrown [s\src\hotspot\share\interpreter\linkResolver.cpp, line 759]
Event: 21.031 Thread 0x000001c555659fb0 Exception <a 'java/lang/NoSuchMethodError'{0x00000000cb4e19b0}: 'void java.lang.invoke.DirectMethodHandle$Holder.invokeStatic(java.lang.Object, java.lang.Object, java.lang.Object, int)'> (0x00000000cb4e19b0) 
thrown [s\src\hotspot\share\interpreter\linkResolver.cpp, line 759]
Event: 21.032 Thread 0x000001c555659fb0 Exception <a 'java/lang/NoSuchMethodError'{0x00000000cb4e5118}: 'void java.lang.invoke.DirectMethodHandle$Holder.invokeStaticInit(java.lang.Object, java.lang.Object, java.lang.Object, int)'> (0x00000000cb4e5118) 
thrown [s\src\hotspot\share\interpreter\linkResolver.cpp, line 759]

VM Operations (20 events):
Event: 21.114 Executing VM operation: G1CollectForAllocation
Event: 21.118 Executing VM operation: G1CollectForAllocation done
Event: 21.960 Executing VM operation: G1CollectForAllocation
Event: 21.964 Executing VM operation: G1CollectForAllocation done
Event: 22.298 Executing VM operation: HandshakeAllThreads
Event: 22.298 Executing VM operation: HandshakeAllThreads done
Event: 22.747 Executing VM operation: G1CollectForAllocation
Event: 22.751 Executing VM operation: G1CollectForAllocation done
Event: 23.760 Executing VM operation: Cleanup
Event: 23.777 Executing VM operation: Cleanup done
Event: 24.782 Executing VM operation: Cleanup
Event: 24.782 Executing VM operation: Cleanup done
Event: 25.679 Executing VM operation: G1CollectForAllocation
Event: 25.681 Executing VM operation: G1CollectForAllocation done
Event: 26.691 Executing VM operation: Cleanup
Event: 26.691 Executing VM operation: Cleanup done
Event: 27.698 Executing VM operation: Cleanup
Event: 27.698 Executing VM operation: Cleanup done
Event: 28.621 Executing VM operation: G1CollectForAllocation
Event: 28.627 Executing VM operation: G1CollectForAllocation done

Events (20 events):
Event: 22.183 loading class java/util/ConcurrentModificationException
Event: 22.184 loading class java/util/ConcurrentModificationException done
Event: 22.283 loading class java/nio/charset/Charset$ExtendedProviderHolder
Event: 22.283 loading class java/nio/charset/Charset$ExtendedProviderHolder done
Event: 22.283 loading class java/nio/charset/Charset$ExtendedProviderHolder$1
Event: 22.283 loading class java/nio/charset/Charset$ExtendedProviderHolder$1 done
Event: 22.296 loading class sun/nio/cs/DoubleByte$Decoder
Event: 22.297 loading class sun/nio/cs/DelegatableDecoder
Event: 22.297 loading class sun/nio/cs/DelegatableDecoder done
Event: 22.297 loading class sun/nio/cs/DoubleByte$Decoder done
Event: 22.298 loading class sun/nio/cs/DoubleByte$Encoder
Event: 22.298 loading class sun/nio/cs/DoubleByte$Encoder done
Event: 22.330 loading class java/util/TreeMap$AscendingSubMap
Event: 22.331 loading class java/util/TreeMap$NavigableSubMap
Event: 22.331 loading class java/util/TreeMap$NavigableSubMap done
Event: 22.331 loading class java/util/TreeMap$AscendingSubMap done
Event: 22.331 loading class java/util/TreeMap$NavigableSubMap$SubMapKeyIterator
Event: 22.332 loading class java/util/TreeMap$NavigableSubMap$SubMapIterator
Event: 22.332 loading class java/util/TreeMap$NavigableSubMap$SubMapIterator done
Event: 22.332 loading class java/util/TreeMap$NavigableSubMap$SubMapKeyIterator done


Dynamic libraries:
0x00007ff62ee30000 - 0x00007ff62ee3e000 	C:\Users\DELL\Desktop\Selenium Data\eclipse\plugins\org.eclipse.justj.openjdk.hotspot.jre.full.win32.x86_64_17.0.7.v20230425-1502\jre\bin\java.exe
0x00007ff875df0000 - 0x00007ff876007000 	C:\WINDOWS\SYSTEM32\ntdll.dll
0x00007ff8746d0000 - 0x00007ff874794000 	C:\WINDOWS\System32\KERNEL32.DLL
0x00007ff873410000 - 0x00007ff8737b6000 	C:\WINDOWS\System32\KERNELBASE.dll
0x00007ff8731d0000 - 0x00007ff8732e1000 	C:\WINDOWS\System32\ucrtbase.dll
0x00007ff861f50000 - 0x00007ff861f69000 	C:\Users\DELL\Desktop\Selenium Data\eclipse\plugins\org.eclipse.justj.openjdk.hotspot.jre.full.win32.x86_64_17.0.7.v20230425-1502\jre\bin\VCRUNTIME140.dll
0x00007ff861f70000 - 0x00007ff861f87000 	C:\Users\DELL\Desktop\Selenium Data\eclipse\plugins\org.eclipse.justj.openjdk.hotspot.jre.full.win32.x86_64_17.0.7.v20230425-1502\jre\bin\jli.dll
0x00007ff873c90000 - 0x00007ff873e3e000 	C:\WINDOWS\System32\USER32.dll
0x00007ff873900000 - 0x00007ff873926000 	C:\WINDOWS\System32\win32u.dll
0x00007ff862f50000 - 0x00007ff8631e3000 	C:\WINDOWS\WinSxS\amd64_microsoft.windows.common-controls_6595b64144ccf1df_6.0.22621.2506_none_270c5ae97388e100\COMCTL32.dll
0x00007ff873b40000 - 0x00007ff873b69000 	C:\WINDOWS\System32\GDI32.dll
0x00007ff8732f0000 - 0x00007ff873408000 	C:\WINDOWS\System32\gdi32full.dll
0x00007ff873f70000 - 0x00007ff874017000 	C:\WINDOWS\System32\msvcrt.dll
0x00007ff873aa0000 - 0x00007ff873b3a000 	C:\WINDOWS\System32\msvcp_win.dll
0x00007ff875710000 - 0x00007ff875741000 	C:\WINDOWS\System32\IMM32.DLL
0x00007ff865780000 - 0x00007ff86578c000 	C:\Users\DELL\Desktop\Selenium Data\eclipse\plugins\org.eclipse.justj.openjdk.hotspot.jre.full.win32.x86_64_17.0.7.v20230425-1502\jre\bin\vcruntime140_1.dll
0x00007ff841170000 - 0x00007ff841201000 	C:\Users\DELL\Desktop\Selenium Data\eclipse\plugins\org.eclipse.justj.openjdk.hotspot.jre.full.win32.x86_64_17.0.7.v20230425-1502\jre\bin\msvcp140.dll
0x00007ff81f6b0000 - 0x00007ff8202f8000 	C:\Users\DELL\Desktop\Selenium Data\eclipse\plugins\org.eclipse.justj.openjdk.hotspot.jre.full.win32.x86_64_17.0.7.v20230425-1502\jre\bin\server\jvm.dll
0x00007ff8744e0000 - 0x00007ff874591000 	C:\WINDOWS\System32\ADVAPI32.dll
0x00007ff873e40000 - 0x00007ff873ee5000 	C:\WINDOWS\System32\sechost.dll
0x00007ff873b70000 - 0x00007ff873c87000 	C:\WINDOWS\System32\RPCRT4.dll
0x00007ff865090000 - 0x00007ff865099000 	C:\WINDOWS\SYSTEM32\WSOCK32.dll
0x00007ff86aca0000 - 0x00007ff86acaa000 	C:\WINDOWS\SYSTEM32\VERSION.dll
0x00007ff86b220000 - 0x00007ff86b254000 	C:\WINDOWS\SYSTEM32\WINMM.dll
0x00007ff875200000 - 0x00007ff875271000 	C:\WINDOWS\System32\WS2_32.dll
0x00007ff872160000 - 0x00007ff872178000 	C:\WINDOWS\SYSTEM32\kernel.appcore.dll
0x00007ff869b90000 - 0x00007ff869b9a000 	C:\Users\DELL\Desktop\Selenium Data\eclipse\plugins\org.eclipse.justj.openjdk.hotspot.jre.full.win32.x86_64_17.0.7.v20230425-1502\jre\bin\jimage.dll
0x00007ff869cf0000 - 0x00007ff869f23000 	C:\WINDOWS\SYSTEM32\DBGHELP.DLL
0x00007ff874130000 - 0x00007ff8744b9000 	C:\WINDOWS\System32\combase.dll
0x00007ff875840000 - 0x00007ff875917000 	C:\WINDOWS\System32\OLEAUT32.dll
0x00007ff85aa00000 - 0x00007ff85aa32000 	C:\WINDOWS\SYSTEM32\dbgcore.DLL
0x00007ff873880000 - 0x00007ff8738fa000 	C:\WINDOWS\System32\bcryptPrimitives.dll
0x00007ff862100000 - 0x00007ff862125000 	C:\Users\DELL\Desktop\Selenium Data\eclipse\plugins\org.eclipse.justj.openjdk.hotspot.jre.full.win32.x86_64_17.0.7.v20230425-1502\jre\bin\java.dll
0x00007ff8520b0000 - 0x00007ff8520c8000 	C:\Users\DELL\Desktop\Selenium Data\eclipse\plugins\org.eclipse.justj.openjdk.hotspot.jre.full.win32.x86_64_17.0.7.v20230425-1502\jre\bin\zip.dll
0x00007ff8747a0000 - 0x00007ff874ffa000 	C:\WINDOWS\System32\SHELL32.dll
0x00007ff871080000 - 0x00007ff871976000 	C:\WINDOWS\SYSTEM32\windows.storage.dll
0x00007ff870f40000 - 0x00007ff87107e000 	C:\WINDOWS\SYSTEM32\wintypes.dll
0x00007ff875940000 - 0x00007ff875a33000 	C:\WINDOWS\System32\SHCORE.dll
0x00007ff8751a0000 - 0x00007ff8751fe000 	C:\WINDOWS\System32\shlwapi.dll
0x00007ff873090000 - 0x00007ff8730b6000 	C:\WINDOWS\SYSTEM32\profapi.dll
0x00007ff862c10000 - 0x00007ff862c29000 	C:\Users\DELL\Desktop\Selenium Data\eclipse\plugins\org.eclipse.justj.openjdk.hotspot.jre.full.win32.x86_64_17.0.7.v20230425-1502\jre\bin\net.dll
0x00007ff86b010000 - 0x00007ff86b147000 	C:\WINDOWS\SYSTEM32\WINHTTP.dll
0x00007ff8725e0000 - 0x00007ff872649000 	C:\WINDOWS\system32\mswsock.dll
0x00007ff851a20000 - 0x00007ff851a35000 	C:\Users\DELL\Desktop\Selenium Data\eclipse\plugins\org.eclipse.justj.openjdk.hotspot.jre.full.win32.x86_64_17.0.7.v20230425-1502\jre\bin\nio.dll
0x00007ff866910000 - 0x00007ff866919000 	C:\Users\DELL\Desktop\Selenium Data\eclipse\plugins\org.eclipse.justj.openjdk.hotspot.jre.full.win32.x86_64_17.0.7.v20230425-1502\jre\bin\management.dll
0x00007ff865930000 - 0x00007ff86593b000 	C:\Users\DELL\Desktop\Selenium Data\eclipse\plugins\org.eclipse.justj.openjdk.hotspot.jre.full.win32.x86_64_17.0.7.v20230425-1502\jre\bin\management_ext.dll
0x00007ff873ef0000 - 0x00007ff873ef8000 	C:\WINDOWS\System32\PSAPI.DLL
0x00007ff8657d0000 - 0x00007ff8657e0000 	C:\Users\DELL\Desktop\Selenium Data\eclipse\plugins\org.eclipse.justj.openjdk.hotspot.jre.full.win32.x86_64_17.0.7.v20230425-1502\jre\bin\verify.dll
0x00007ff872830000 - 0x00007ff87284b000 	C:\WINDOWS\SYSTEM32\CRYPTSP.dll
0x00007ff8720c0000 - 0x00007ff8720f5000 	C:\WINDOWS\system32\rsaenh.dll
0x00007ff8726d0000 - 0x00007ff8726fc000 	C:\WINDOWS\SYSTEM32\USERENV.dll
0x00007ff872a20000 - 0x00007ff872a48000 	C:\WINDOWS\SYSTEM32\bcrypt.dll
0x00007ff872850000 - 0x00007ff87285c000 	C:\WINDOWS\SYSTEM32\CRYPTBASE.dll
0x00007ff871c20000 - 0x00007ff871c4d000 	C:\WINDOWS\SYSTEM32\IPHLPAPI.DLL
0x00007ff874120000 - 0x00007ff874129000 	C:\WINDOWS\System32\NSI.dll
0x00007ff86b1d0000 - 0x00007ff86b1e9000 	C:\WINDOWS\SYSTEM32\dhcpcsvc6.DLL
0x00007ff86aff0000 - 0x00007ff86b00f000 	C:\WINDOWS\SYSTEM32\dhcpcsvc.DLL
0x00007ff871c50000 - 0x00007ff871d49000 	C:\WINDOWS\SYSTEM32\DNSAPI.dll
0x00007ff869ab0000 - 0x00007ff869aba000 	C:\Windows\System32\rasadhlp.dll
0x00007ff86aa40000 - 0x00007ff86aac3000 	C:\WINDOWS\System32\fwpuclnt.dll
0x00007ff865790000 - 0x00007ff86579e000 	C:\Users\DELL\Desktop\Selenium Data\eclipse\plugins\org.eclipse.justj.openjdk.hotspot.jre.full.win32.x86_64_17.0.7.v20230425-1502\jre\bin\sunmscapi.dll
0x00007ff873930000 - 0x00007ff873a96000 	C:\WINDOWS\System32\CRYPT32.dll
0x00007ff8729f0000 - 0x00007ff872a1d000 	C:\WINDOWS\SYSTEM32\ncrypt.dll
0x00007ff8729b0000 - 0x00007ff8729e7000 	C:\WINDOWS\SYSTEM32\NTASN1.dll
0x00007ff863590000 - 0x00007ff863598000 	C:\WINDOWS\system32\wshunix.dll

dbghelp: loaded successfully - version: 4.0.5 - missing functions: none
symbol engine: initialized successfully - sym options: 0x614 - pdb path: .;C:\Users\DELL\Desktop\Selenium Data\eclipse\plugins\org.eclipse.justj.openjdk.hotspot.jre.full.win32.x86_64_17.0.7.v20230425-1502\jre\bin;C:\WINDOWS\SYSTEM32;C:\WINDOWS\WinSxS\amd64_microsoft.windows.common-controls_6595b64144ccf1df_6.0.22621.2506_none_270c5ae97388e100;C:\Users\DELL\Desktop\Selenium Data\eclipse\plugins\org.eclipse.justj.openjdk.hotspot.jre.full.win32.x86_64_17.0.7.v20230425-1502\jre\bin\server

VM Arguments:
java_command: C:\Users\DELL\AppData\Local\Temp\surefire4483178197110413165\surefirebooter9452320211663618853.jar C:\Users\DELL\AppData\Local\Temp\surefire4483178197110413165 2024-01-06T01-30-23_483-jvmRun1 surefire14912139881078714160tmp surefire_07493001404733277548tmp
java_class_path (initial): C:\Users\DELL\AppData\Local\Temp\surefire4483178197110413165\surefirebooter9452320211663618853.jar
Launcher Type: SUN_STANDARD

[Global flags]
     intx CICompilerCount                          = 3                                         {product} {ergonomic}
     uint ConcGCThreads                            = 1                                         {product} {ergonomic}
     uint G1ConcRefinementThreads                  = 4                                         {product} {ergonomic}
   size_t G1HeapRegionSize                         = 1048576                                   {product} {ergonomic}
    uintx GCDrainStackTargetSize                   = 64                                        {product} {ergonomic}
   size_t InitialHeapSize                          = 58720256                                  {product} {ergonomic}
   size_t MarkStackSize                            = 4194304                                   {product} {ergonomic}
   size_t MaxHeapSize                              = 910163968                                 {product} {ergonomic}
   size_t MaxNewSize                               = 545259520                                 {product} {ergonomic}
   size_t MinHeapDeltaBytes                        = 1048576                                   {product} {ergonomic}
   size_t MinHeapSize                              = 8388608                                   {product} {ergonomic}
    uintx NonNMethodCodeHeapSize                   = 5832780                                {pd product} {ergonomic}
    uintx NonProfiledCodeHeapSize                  = 122912730                              {pd product} {ergonomic}
    uintx ProfiledCodeHeapSize                     = 122912730                              {pd product} {ergonomic}
    uintx ReservedCodeCacheSize                    = 251658240                              {pd product} {ergonomic}
     bool SegmentedCodeCache                       = true                                      {product} {ergonomic}
   size_t SoftMaxHeapSize                          = 910163968                              {manageable} {ergonomic}
     bool UseCompressedClassPointers               = true                           {product lp64_product} {ergonomic}
     bool UseCompressedOops                        = true                           {product lp64_product} {ergonomic}
     bool UseG1GC                                  = true                                      {product} {ergonomic}
     bool UseLargePagesIndividualAllocation        = false                                  {pd product} {ergonomic}

Logging:
Log output configuration:
 #0: stdout all=warning uptime,level,tags
 #1: stderr all=off uptime,level,tags

Environment Variables:
PATH=C:/Users/DELL/Desktop/Selenium Data/eclipse//plugins/org.eclipse.justj.openjdk.hotspot.jre.full.win32.x86_64_17.0.7.v20230425-1502/jre/bin/server;C:/Users/DELL/Desktop/Selenium Data/eclipse//plugins/org.eclipse.justj.openjdk.hotspot.jre.full.win32.x86_64_17.0.7.v20230425-1502/jre/bin;C:\Program Files (x86)\VMware\VMware Workstation\bin\;C:\Program Files\Common Files\Oracle\Java\javapath;C:\oracle\product\10.2.0\db_5\bin;C:\oracle\product\10.2.0\db_4\bin;C:\oracle\product\10.2.0\db_3\bin;C:\oracle\product\10.2.0\db_2\bin;C:\oracle\product\10.2.0\db_1\bin;C:\WINDOWS\system32;C:\WINDOWS;C:\WINDOWS\System32\Wbem;C:\WINDOWS\System32\WindowsPowerShell\v1.0\;C:\WINDOWS\System32\OpenSSH\;C:\Program Files\Java\jdk-17.0.1\bin;C:\Program Files\nodejs\;C:\Program Files\Git\cmd;C:\Users\DELL\AppData\Local\Microsoft\WindowsApps;C:\Program Files\Java\jdk-17.0.1\bin;C:\Users\DELL\AppData\Roaming\npm;C:\Program Files\Maven\apache-maven-3.9.6\bin;;C:\Users\DELL\Desktop\Selenium Data\eclipse;
USERNAME=DELL
OS=Windows_NT
PROCESSOR_IDENTIFIER=AMD64 Family 23 Model 24 Stepping 1, AuthenticAMD
TMP=C:\Users\DELL\AppData\Local\Temp
TEMP=C:\Users\DELL\AppData\Local\Temp



---------------  S Y S T E M  ---------------

OS:
 Windows 11 , 64 bit Build 22621 (10.0.22621.2506)
OS uptime: 18 days 3:23 hours

CPU: total 4 (initial active 4) (4 cores per cpu, 2 threads per core) family 23 model 24 stepping 1 microcode 0x0, cx8, cmov, fxsr, ht, mmx, 3dnowpref, sse, sse2, sse3, ssse3, sse4a, sse4.1, sse4.2, popcnt, lzcnt, tsc, tscinvbit, avx, avx2, aes, clmul, bmi1, bmi2, adx, sha, fma, vzeroupper, clflush, clflushopt

Memory: 4k page, system-wide physical 3470M (164M free)
TotalPageFile size 14222M (AvailPageFile size 2M)
current process WorkingSet (physical memory assigned to process): 147M, peak: 147M
current process commit charge ("private bytes"): 172M, peak: 172M

vm_info: OpenJDK 64-Bit Server VM (17.0.7+7) for windows-amd64 JRE (17.0.7+7), built on Apr 18 2023 22:10:42 by "temurin" with MS VC++ 16.7 (VS2019)

END.
