#
# There is insufficient memory for the Java Runtime Environment to continue.
# Native memory allocation (malloc) failed to allocate 317456 bytes for Chunk::new
# Possible reasons:
#   The system is out of physical RAM or swap space
#   The process is running with CompressedOops enabled, and the Java Heap may be blocking the growth of the native heap
# Possible solutions:
#   Reduce memory load on the system
#   Increase physical memory or swap space
#   Check if swap backing store is full
#   Decrease Java heap size (-Xmx/-Xms)
#   Decrease number of Java threads
#   Decrease Java thread stack sizes (-Xss)
#   Set larger code cache with -XX:ReservedCodeCacheSize=
#   JVM is running with Unscaled Compressed Oops mode in which the Java heap is
#     placed in the first 4GB address space. The Java Heap base address is the
#     maximum limit for the native heap growth. Please use -XX:HeapBaseMinAddress
#     to set the Java Heap base and to place the Java Heap above 4GB virtual address.
# This output file may be truncated or incomplete.
#
#  Out of Memory Error (arena.cpp:189), pid=15464, tid=11292
#
# JRE version: OpenJDK Runtime Environment Temurin-17.0.7+7 (17.0.7+7) (build 17.0.7+7)
# Java VM: OpenJDK 64-Bit Server VM Temurin-17.0.7+7 (17.0.7+7, mixed mode, tiered, compressed oops, compressed class ptrs, g1 gc, windows-amd64)
# No core dump will be written. Minidumps are not enabled by default on client versions of Windows
#

---------------  S U M M A R Y ------------

Command Line: C:\Users\DELL\AppData\Local\Temp\surefire13538697362301492670\surefirebooter2467716816685541145.jar C:\Users\DELL\AppData\Local\Temp\surefire13538697362301492670 2024-01-06T01-28-38_887-jvmRun1 surefire9593144280505702615tmp surefire_014889236012916831467tmp

Host: AMD Athlon Gold 3150U with Radeon Graphics     , 4 cores, 3G,  Windows 11 , 64 bit Build 22621 (10.0.22621.2506)
Time: Sat Jan  6 01:29:01 2024 Pacific Standard Time elapsed time: 21.543290 seconds (0d 0h 0m 21s)

---------------  T H R E A D  ---------------

Current thread (0x000001caa215d2a0):  JavaThread "C2 CompilerThread0" daemon [_thread_in_native, id=11292, stack(0x00000010a4200000,0x00000010a4300000)]


Current CompileTask:
C2:  21543 2725       4       sun.util.locale.BaseLocale::getInstance (149 bytes)

Stack: [0x00000010a4200000,0x00000010a4300000]
Native frames: (J=compiled Java code, j=interpreted, Vv=VM code, C=native code)
V  [jvm.dll+0x67754a]
V  [jvm.dll+0x834304]
V  [jvm.dll+0x835aae]
V  [jvm.dll+0x836113]
V  [jvm.dll+0x24696f]
V  [jvm.dll+0xac0ac]
V  [jvm.dll+0xac67c]
V  [jvm.dll+0x2adbef]
V  [jvm.dll+0x580067]
V  [jvm.dll+0x221e72]
V  [jvm.dll+0x21ad0f]
V  [jvm.dll+0x21895b]
V  [jvm.dll+0x1a4d8d]
V  [jvm.dll+0x2284da]
V  [jvm.dll+0x226615]
V  [jvm.dll+0x7ea90b]
V  [jvm.dll+0x7e4e7a]
V  [jvm.dll+0x676395]
C  [ucrtbase.dll+0x29363]
C  [KERNEL32.DLL+0x1257d]
C  [ntdll.dll+0x5aa58]


---------------  P R O C E S S  ---------------

Threads class SMR info:
_java_thread_list=0x000001caa724a6f0, length=30, elements={
0x000001ca8b547cf0, 0x000001caa20f2310, 0x000001caa20f3830, 0x000001caa2140590,
0x000001caa2140f50, 0x000001caa2145fd0, 0x000001caa2147030, 0x000001caa215d2a0,
0x000001caa215e340, 0x000001caa2165410, 0x000001caa23dd900, 0x000001caa23ee0a0,
0x000001caa26ab060, 0x000001caa7012010, 0x000001caa70124e0, 0x000001caa70129b0,
0x000001caa7322330, 0x000001caa292c450, 0x000001caa292cdf0, 0x000001caa292d2c0,
0x000001caa292d790, 0x000001caa292b110, 0x000001caa292dc60, 0x000001caa292e130,
0x000001caa292b5e0, 0x000001caa292a770, 0x000001caa292ac40, 0x000001caa292bab0,
0x000001caa75273a0, 0x000001caa7529080
}

Java Threads: ( => current thread )
  0x000001ca8b547cf0 JavaThread "main" [_thread_in_Java, id=16756, stack(0x00000010a3500000,0x00000010a3600000)]
  0x000001caa20f2310 JavaThread "Reference Handler" daemon [_thread_blocked, id=11388, stack(0x00000010a3c00000,0x00000010a3d00000)]
  0x000001caa20f3830 JavaThread "Finalizer" daemon [_thread_blocked, id=14184, stack(0x00000010a3d00000,0x00000010a3e00000)]
  0x000001caa2140590 JavaThread "Signal Dispatcher" daemon [_thread_blocked, id=9968, stack(0x00000010a3e00000,0x00000010a3f00000)]
  0x000001caa2140f50 JavaThread "Attach Listener" daemon [_thread_blocked, id=16916, stack(0x00000010a3f00000,0x00000010a4000000)]
  0x000001caa2145fd0 JavaThread "Service Thread" daemon [_thread_blocked, id=2512, stack(0x00000010a4000000,0x00000010a4100000)]
  0x000001caa2147030 JavaThread "Monitor Deflation Thread" daemon [_thread_blocked, id=13892, stack(0x00000010a4100000,0x00000010a4200000)]
=>0x000001caa215d2a0 JavaThread "C2 CompilerThread0" daemon [_thread_in_native, id=11292, stack(0x00000010a4200000,0x00000010a4300000)]
  0x000001caa215e340 JavaThread "C1 CompilerThread0" daemon [_thread_blocked, id=10792, stack(0x00000010a4300000,0x00000010a4400000)]
  0x000001caa2165410 JavaThread "Sweeper thread" daemon [_thread_blocked, id=9756, stack(0x00000010a4400000,0x00000010a4500000)]
  0x000001caa23dd900 JavaThread "Notification Thread" daemon [_thread_blocked, id=9292, stack(0x00000010a4500000,0x00000010a4600000)]
  0x000001caa23ee0a0 JavaThread "Common-Cleaner" daemon [_thread_blocked, id=2024, stack(0x00000010a4700000,0x00000010a4800000)]
  0x000001caa26ab060 JavaThread "surefire-forkedjvm-command-thread" daemon [_thread_in_native, id=5336, stack(0x00000010a4800000,0x00000010a4900000)]
  0x000001caa7012010 JavaThread "ForkJoinPool.commonPool-worker-1" daemon [_thread_blocked, id=17192, stack(0x00000010a4d00000,0x00000010a4e00000)]
  0x000001caa70124e0 JavaThread "ForkJoinPool.commonPool-worker-2" daemon [_thread_blocked, id=5692, stack(0x00000010a4e00000,0x00000010a4f00000)]
  0x000001caa70129b0 JavaThread "ForkJoinPool.commonPool-worker-3" daemon [_thread_blocked, id=10888, stack(0x00000010a4f00000,0x00000010a5000000)]
  0x000001caa7322330 JavaThread "HttpClient-1-SelectorManager" daemon [_thread_in_native, id=6288, stack(0x00000010a5000000,0x00000010a5100000)]
  0x000001caa292c450 JavaThread "UrlChecker-2" daemon [_thread_blocked, id=9816, stack(0x00000010a5400000,0x00000010a5500000)]
  0x000001caa292cdf0 JavaThread "HttpClient-2-SelectorManager" daemon [_thread_in_native, id=11096, stack(0x00000010a5600000,0x00000010a5700000)]
  0x000001caa292d2c0 JavaThread "HttpClient-3-SelectorManager" daemon [_thread_in_native, id=15320, stack(0x00000010a5100000,0x00000010a5200000)]
  0x000001caa292d790 JavaThread "Thread-9" [_thread_in_native, id=16040, stack(0x00000010a5200000,0x00000010a5300000)]
  0x000001caa292b110 JavaThread "Driver Service Executor" daemon [_thread_blocked, id=1672, stack(0x00000010a5300000,0x00000010a5400000)]
  0x000001caa292dc60 JavaThread "Driver Service Executor" daemon [_thread_in_native, id=2232, stack(0x00000010a5800000,0x00000010a5900000)]
  0x000001caa292e130 JavaThread "pool-4-thread-1" [_thread_blocked, id=11772, stack(0x00000010a5900000,0x00000010a5a00000)]
  0x000001caa292b5e0 JavaThread "pool-4-thread-2" [_thread_blocked, id=16388, stack(0x00000010a5a00000,0x00000010a5b00000)]
  0x000001caa292a770 JavaThread "pool-4-thread-3" [_thread_blocked, id=17152, stack(0x00000010a5b00000,0x00000010a5c00000)]
  0x000001caa292ac40 JavaThread "HttpClient-4-SelectorManager" daemon [_thread_in_native, id=2084, stack(0x00000010a5c00000,0x00000010a5d00000)]
  0x000001caa292bab0 JavaThread "pool-5-thread-1" [_thread_blocked, id=12276, stack(0x00000010a5d00000,0x00000010a5e00000)]
  0x000001caa75273a0 JavaThread "pool-5-thread-2" [_thread_blocked, id=12044, stack(0x00000010a5e00000,0x00000010a5f00000)]
  0x000001caa7529080 JavaThread "pool-5-thread-3" [_thread_blocked, id=14364, stack(0x00000010a5f00000,0x00000010a6000000)]

Other Threads:
  0x000001caa20e9020 VMThread "VM Thread" [stack: 0x00000010a3b00000,0x00000010a3c00000] [id=2484]
  0x000001caa23e1df0 WatcherThread [stack: 0x00000010a4600000,0x00000010a4700000] [id=3216]
  0x000001ca8b582560 GCTaskThread "GC Thread#0" [stack: 0x00000010a3600000,0x00000010a3700000] [id=17156]
  0x000001caa2a16f40 GCTaskThread "GC Thread#1" [stack: 0x00000010a4900000,0x00000010a4a00000] [id=2204]
  0x000001caa2d23620 GCTaskThread "GC Thread#2" [stack: 0x00000010a4a00000,0x00000010a4b00000] [id=6324]
  0x000001caa2d73e70 GCTaskThread "GC Thread#3" [stack: 0x00000010a4b00000,0x00000010a4c00000] [id=6348]
  0x000001ca8b58b040 ConcurrentGCThread "G1 Main Marker" [stack: 0x00000010a3700000,0x00000010a3800000] [id=7716]
  0x000001ca8b58b960 ConcurrentGCThread "G1 Conc#0" [stack: 0x00000010a3800000,0x00000010a3900000] [id=14456]
  0x000001ca8b5c5a50 ConcurrentGCThread "G1 Refine#0" [stack: 0x00000010a3900000,0x00000010a3a00000] [id=15936]
  0x000001caa2a171f0 ConcurrentGCThread "G1 Refine#1" [stack: 0x00000010a4c00000,0x00000010a4d00000] [id=16960]
  0x000001ca8b5c6380 ConcurrentGCThread "G1 Service" [stack: 0x00000010a3a00000,0x00000010a3b00000] [id=12348]

Threads with active compile tasks:
C2 CompilerThread0    21589 2725       4       sun.util.locale.BaseLocale::getInstance (149 bytes)

VM state: not at safepoint (normal execution)

VM Mutex/Monitor currently owned by a thread: None

Heap address: 0x00000000c9c00000, size: 868 MB, Compressed Oops mode: 32-bit

CDS archive(s) not mapped
Compressed class space mapped at: 0x0000000100000000-0x0000000140000000, reserved size: 1073741824
Narrow klass base: 0x0000000000000000, Narrow klass shift: 3, Narrow klass range: 0x140000000

GC Precious Log:
 CPUs: 4 total, 4 available
 Memory: 3470M
 Large Page Support: Disabled
 NUMA Support: Disabled
 Compressed Oops: Enabled (32-bit)
 Heap Region Size: 1M
 Heap Min Capacity: 8M
 Heap Initial Capacity: 56M
 Heap Max Capacity: 868M
 Pre-touch: Disabled
 Parallel Workers: 4
 Concurrent Workers: 1
 Concurrent Refinement Workers: 4
 Periodic GC: Disabled

Heap:
 garbage-first heap   total 40960K, used 24263K [0x00000000c9c00000, 0x0000000100000000)
  region size 1024K, 16 young (16384K), 2 survivors (2048K)
 Metaspace       used 29000K, committed 29312K, reserved 1114112K
  class space    used 3240K, committed 3392K, reserved 1048576K

Heap Regions: E=young(eden), S=young(survivor), O=old, HS=humongous(starts), HC=humongous(continues), CS=collection set, F=free, OA=open archive, CA=closed archive, TAMS=top-at-mark-start (previous, next)
|   0|0x00000000c9c00000, 0x00000000c9d00000, 0x00000000c9d00000|100%|HS|  |TAMS 0x00000000c9d00000, 0x00000000c9c00000| Complete 
|   1|0x00000000c9d00000, 0x00000000c9e00000, 0x00000000c9e00000|100%| O|  |TAMS 0x00000000c9e00000, 0x00000000c9d00000| Untracked 
|   2|0x00000000c9e00000, 0x00000000c9f00000, 0x00000000c9f00000|100%| O|  |TAMS 0x00000000c9f00000, 0x00000000c9e00000| Untracked 
|   3|0x00000000c9f00000, 0x00000000ca000000, 0x00000000ca000000|100%| O|  |TAMS 0x00000000ca000000, 0x00000000c9f00000| Untracked 
|   4|0x00000000ca000000, 0x00000000ca100000, 0x00000000ca100000|100%| O|  |TAMS 0x00000000ca100000, 0x00000000ca000000| Untracked 
|   5|0x00000000ca100000, 0x00000000ca200000, 0x00000000ca200000|100%| O|  |TAMS 0x00000000ca200000, 0x00000000ca100000| Untracked 
|   6|0x00000000ca200000, 0x00000000ca300000, 0x00000000ca300000|100%| O|  |TAMS 0x00000000ca2a3c00, 0x00000000ca200000| Untracked 
|   7|0x00000000ca300000, 0x00000000ca30e800, 0x00000000ca400000|  5%| O|  |TAMS 0x00000000ca300000, 0x00000000ca300000| Untracked 
|   8|0x00000000ca400000, 0x00000000ca500000, 0x00000000ca500000|100%| O|  |TAMS 0x00000000ca400000, 0x00000000ca400000| Untracked 
|   9|0x00000000ca500000, 0x00000000ca5a6600, 0x00000000ca600000| 64%| O|  |TAMS 0x00000000ca500000, 0x00000000ca500000| Untracked 
|  10|0x00000000ca600000, 0x00000000ca600000, 0x00000000ca700000|  0%| F|  |TAMS 0x00000000ca600000, 0x00000000ca600000| Untracked 
|  11|0x00000000ca700000, 0x00000000ca700000, 0x00000000ca800000|  0%| F|  |TAMS 0x00000000ca700000, 0x00000000ca700000| Untracked 
|  12|0x00000000ca800000, 0x00000000ca800000, 0x00000000ca900000|  0%| F|  |TAMS 0x00000000ca800000, 0x00000000ca800000| Untracked 
|  13|0x00000000ca900000, 0x00000000ca900000, 0x00000000caa00000|  0%| F|  |TAMS 0x00000000ca900000, 0x00000000ca900000| Untracked 
|  14|0x00000000caa00000, 0x00000000caa00000, 0x00000000cab00000|  0%| F|  |TAMS 0x00000000caa00000, 0x00000000caa00000| Untracked 
|  15|0x00000000cab00000, 0x00000000cabfce60, 0x00000000cac00000| 98%| S|CS|TAMS 0x00000000cab00000, 0x00000000cab00000| Complete 
|  16|0x00000000cac00000, 0x00000000cad00000, 0x00000000cad00000|100%| S|CS|TAMS 0x00000000cac00000, 0x00000000cac00000| Complete 
|  17|0x00000000cad00000, 0x00000000cad00000, 0x00000000cae00000|  0%| F|  |TAMS 0x00000000cad00000, 0x00000000cad00000| Untracked 
|  18|0x00000000cae00000, 0x00000000cae00000, 0x00000000caf00000|  0%| F|  |TAMS 0x00000000cae00000, 0x00000000cae00000| Untracked 
|  19|0x00000000caf00000, 0x00000000caf00000, 0x00000000cb000000|  0%| F|  |TAMS 0x00000000caf00000, 0x00000000caf00000| Untracked 
|  20|0x00000000cb000000, 0x00000000cb000000, 0x00000000cb100000|  0%| F|  |TAMS 0x00000000cb000000, 0x00000000cb000000| Untracked 
|  21|0x00000000cb100000, 0x00000000cb100000, 0x00000000cb200000|  0%| F|  |TAMS 0x00000000cb100000, 0x00000000cb100000| Untracked 
|  22|0x00000000cb200000, 0x00000000cb200000, 0x00000000cb300000|  0%| F|  |TAMS 0x00000000cb200000, 0x00000000cb200000| Untracked 
|  23|0x00000000cb300000, 0x00000000cb300000, 0x00000000cb400000|  0%| F|  |TAMS 0x00000000cb300000, 0x00000000cb300000| Untracked 
|  24|0x00000000cb400000, 0x00000000cb400000, 0x00000000cb500000|  0%| F|  |TAMS 0x00000000cb400000, 0x00000000cb400000| Untracked 
|  25|0x00000000cb500000, 0x00000000cb500000, 0x00000000cb600000|  0%| F|  |TAMS 0x00000000cb500000, 0x00000000cb500000| Untracked 
|  26|0x00000000cb600000, 0x00000000cb685c98, 0x00000000cb700000| 52%| E|  |TAMS 0x00000000cb600000, 0x00000000cb600000| Complete 
|  27|0x00000000cb700000, 0x00000000cb800000, 0x00000000cb800000|100%| E|CS|TAMS 0x00000000cb700000, 0x00000000cb700000| Complete 
|  28|0x00000000cb800000, 0x00000000cb900000, 0x00000000cb900000|100%| E|CS|TAMS 0x00000000cb800000, 0x00000000cb800000| Complete 
|  29|0x00000000cb900000, 0x00000000cba00000, 0x00000000cba00000|100%| E|CS|TAMS 0x00000000cb900000, 0x00000000cb900000| Complete 
|  30|0x00000000cba00000, 0x00000000cbb00000, 0x00000000cbb00000|100%| E|CS|TAMS 0x00000000cba00000, 0x00000000cba00000| Complete 
|  31|0x00000000cbb00000, 0x00000000cbc00000, 0x00000000cbc00000|100%| E|CS|TAMS 0x00000000cbb00000, 0x00000000cbb00000| Complete 
|  32|0x00000000cbc00000, 0x00000000cbd00000, 0x00000000cbd00000|100%| E|CS|TAMS 0x00000000cbc00000, 0x00000000cbc00000| Complete 
|  33|0x00000000cbd00000, 0x00000000cbe00000, 0x00000000cbe00000|100%| E|CS|TAMS 0x00000000cbd00000, 0x00000000cbd00000| Complete 
|  34|0x00000000cbe00000, 0x00000000cbf00000, 0x00000000cbf00000|100%| E|CS|TAMS 0x00000000cbe00000, 0x00000000cbe00000| Complete 
|  35|0x00000000cbf00000, 0x00000000cc000000, 0x00000000cc000000|100%| E|CS|TAMS 0x00000000cbf00000, 0x00000000cbf00000| Complete 
|  49|0x00000000ccd00000, 0x00000000cce00000, 0x00000000cce00000|100%| E|CS|TAMS 0x00000000ccd00000, 0x00000000ccd00000| Complete 
|  50|0x00000000cce00000, 0x00000000ccf00000, 0x00000000ccf00000|100%| E|CS|TAMS 0x00000000cce00000, 0x00000000cce00000| Complete 
|  51|0x00000000ccf00000, 0x00000000cd000000, 0x00000000cd000000|100%| E|CS|TAMS 0x00000000ccf00000, 0x00000000ccf00000| Complete 
|  55|0x00000000cd300000, 0x00000000cd400000, 0x00000000cd400000|100%| E|CS|TAMS 0x00000000cd300000, 0x00000000cd300000| Complete 

Card table byte_map: [0x000001ca9ddc0000,0x000001ca9df80000] _byte_map_base: 0x000001ca9d772000

Marking Bits (Prev, Next): (CMBitMap*) 0x000001ca8b583ad0, (CMBitMap*) 0x000001ca8b583a90
 Prev Bits: [0x000001ca9eed0000, 0x000001ca9fc60000)
 Next Bits: [0x000001ca9e140000, 0x000001ca9eed0000)

Polling page: 0x000001ca8ad10000

Metaspace:

Usage:
  Non-class:     25.16 MB used.
      Class:      3.16 MB used.
       Both:     28.32 MB used.

Virtual space:
  Non-class space:       64.00 MB reserved,      25.31 MB ( 40%) committed,  1 nodes.
      Class space:        1.00 GB reserved,       3.31 MB ( <1%) committed,  1 nodes.
             Both:        1.06 GB reserved,      28.62 MB (  3%) committed. 

Chunk freelists:
   Non-Class:  6.09 MB
       Class:  12.73 MB
        Both:  18.82 MB

MaxMetaspaceSize: unlimited
CompressedClassSpaceSize: 1.00 GB
Initial GC threshold: 21.00 MB
Current GC threshold: 35.12 MB
CDS: off
MetaspaceReclaimPolicy: balanced
 - commit_granule_bytes: 65536.
 - commit_granule_words: 8192.
 - virtual_space_node_default_size: 8388608.
 - enlarge_chunks_in_place: 1.
 - new_chunks_are_fully_committed: 0.
 - uncommit_free_chunks: 1.
 - use_allocation_guard: 0.
 - handle_deallocations: 1.


Internal statistics:

num_allocs_failed_limit: 3.
num_arena_births: 374.
num_arena_deaths: 0.
num_vsnodes_births: 2.
num_vsnodes_deaths: 0.
num_space_committed: 458.
num_space_uncommitted: 0.
num_chunks_returned_to_freelist: 3.
num_chunks_taken_from_freelist: 908.
num_chunk_merges: 0.
num_chunk_splits: 563.
num_chunks_enlarged: 397.
num_inconsistent_stats: 0.

CodeHeap 'non-profiled nmethods': size=120000Kb used=974Kb max_used=974Kb free=119025Kb
 bounds [0x000001ca966d0000, 0x000001ca96940000, 0x000001ca9dc00000]
CodeHeap 'profiled nmethods': size=120000Kb used=5457Kb max_used=5457Kb free=114542Kb
 bounds [0x000001ca8ec00000, 0x000001ca8f160000, 0x000001ca96130000]
CodeHeap 'non-nmethods': size=5760Kb used=1249Kb max_used=1281Kb free=4510Kb
 bounds [0x000001ca96130000, 0x000001ca963a0000, 0x000001ca966d0000]
 total_blobs=3309 nmethods=2744 adapters=477
 compilation: enabled
              stopped_count=0, restarted_count=0
 full_count=0

Compilation events (20 events):
Event: 21.501 Thread 0x000001caa215e340 nmethod 2721 0x000001ca8f13e010 code [0x000001ca8f13e2e0, 0x000001ca8f13f5e8]
Event: 21.501 Thread 0x000001caa215e340 2722       3       sun.util.locale.LocaleUtils::caseIgnoreMatch (73 bytes)
Event: 21.503 Thread 0x000001caa215e340 nmethod 2722 0x000001ca8f13fb10 code [0x000001ca8f13fe00, 0x000001ca8f141038]
Event: 21.504 Thread 0x000001caa215e340 2724       3       sun.util.locale.BaseLocale$Key::equals (109 bytes)
Event: 21.505 Thread 0x000001caa215e340 nmethod 2724 0x000001ca8f141790 code [0x000001ca8f141a00, 0x000001ca8f1426d8]
Event: 21.510 Thread 0x000001caa215d2a0 nmethod 2723 0x000001ca967c2610 code [0x000001ca967c27c0, 0x000001ca967c2f18]
Event: 21.511 Thread 0x000001caa215d2a0 2725       4       sun.util.locale.BaseLocale::getInstance (149 bytes)
Event: 21.528 Thread 0x000001caa215e340 2726       1       com.sun.org.apache.xerces.internal.dom.ChildNode::getNextSibling (5 bytes)
Event: 21.529 Thread 0x000001caa215e340 nmethod 2726 0x000001ca967c3290 code [0x000001ca967c3420, 0x000001ca967c34f8]
Event: 21.530 Thread 0x000001caa215e340 2727       3       java.util.regex.Pattern::compile (500 bytes)
Event: 21.534 Thread 0x000001caa215e340 nmethod 2727 0x000001ca8f142990 code [0x000001ca8f142e40, 0x000001ca8f145b28]
Event: 21.534 Thread 0x000001caa215e340 2728       3       java.util.regex.Pattern$CharProperty::study (29 bytes)
Event: 21.534 Thread 0x000001caa215e340 nmethod 2728 0x000001ca8f146590 code [0x000001ca8f146740, 0x000001ca8f146928]
Event: 21.534 Thread 0x000001caa215e340 2729       3       java.util.regex.Pattern$BmpCharProperty::<init> (6 bytes)
Event: 21.534 Thread 0x000001caa215e340 nmethod 2729 0x000001ca8f146a10 code [0x000001ca8f146bc0, 0x000001ca8f146eb8]
Event: 21.535 Thread 0x000001caa215e340 2730   !   3       java.util.regex.Pattern::<init> (144 bytes)
Event: 21.536 Thread 0x000001caa215e340 nmethod 2730 0x000001ca8f147010 code [0x000001ca8f147320, 0x000001ca8f1483f8]
Event: 21.537 Thread 0x000001caa215e340 2732       3       com.sun.org.apache.xerces.internal.utils.XMLSecurityManager$NameMap::values (10 bytes)
Event: 21.537 Thread 0x000001caa215e340 nmethod 2732 0x000001ca8f148990 code [0x000001ca8f148b40, 0x000001ca8f148dc8]
Event: 21.538 Thread 0x000001caa215e340 2733       3       com.sun.org.apache.xerces.internal.utils.XMLLimitAnalyzer::addValue (260 bytes)

GC Heap History (10 events):
Event: 1.145 GC heap before
{Heap before GC invocations=0 (full 0):
 garbage-first heap   total 57344K, used 14336K [0x00000000c9c00000, 0x0000000100000000)
  region size 1024K, 13 young (13312K), 0 survivors (0K)
 Metaspace       used 12108K, committed 12288K, reserved 1114112K
  class space    used 1132K, committed 1216K, reserved 1048576K
}
Event: 1.159 GC heap after
{Heap after GC invocations=1 (full 0):
 garbage-first heap   total 57344K, used 6752K [0x00000000c9c00000, 0x0000000100000000)
  region size 1024K, 2 young (2048K), 2 survivors (2048K)
 Metaspace       used 12108K, committed 12288K, reserved 1114112K
  class space    used 1132K, committed 1216K, reserved 1048576K
}
Event: 1.575 GC heap before
{Heap before GC invocations=1 (full 0):
 garbage-first heap   total 57344K, used 13920K [0x00000000c9c00000, 0x0000000100000000)
  region size 1024K, 9 young (9216K), 2 survivors (2048K)
 Metaspace       used 14306K, committed 14528K, reserved 1114112K
  class space    used 1387K, committed 1472K, reserved 1048576K
}
Event: 1.580 GC heap after
{Heap after GC invocations=2 (full 0):
 garbage-first heap   total 57344K, used 7256K [0x00000000c9c00000, 0x0000000100000000)
  region size 1024K, 1 young (1024K), 1 survivors (1024K)
 Metaspace       used 14306K, committed 14528K, reserved 1114112K
  class space    used 1387K, committed 1472K, reserved 1048576K
}
Event: 3.275 GC heap before
{Heap before GC invocations=2 (full 0):
 garbage-first heap   total 57344K, used 25688K [0x00000000c9c00000, 0x0000000100000000)
  region size 1024K, 19 young (19456K), 1 survivors (1024K)
 Metaspace       used 20354K, committed 20672K, reserved 1114112K
  class space    used 2133K, committed 2304K, reserved 1048576K
}
Event: 3.284 GC heap after
{Heap after GC invocations=3 (full 0):
 garbage-first heap   total 57344K, used 9008K [0x00000000c9c00000, 0x0000000100000000)
  region size 1024K, 3 young (3072K), 3 survivors (3072K)
 Metaspace       used 20354K, committed 20672K, reserved 1114112K
  class space    used 2133K, committed 2304K, reserved 1048576K
}
Event: 3.415 GC heap before
{Heap before GC invocations=3 (full 0):
 garbage-first heap   total 57344K, used 11056K [0x00000000c9c00000, 0x0000000100000000)
  region size 1024K, 7 young (7168K), 3 survivors (3072K)
 Metaspace       used 21221K, committed 21504K, reserved 1114112K
  class space    used 2222K, committed 2368K, reserved 1048576K
}
Event: 3.422 GC heap after
{Heap after GC invocations=4 (full 0):
 garbage-first heap   total 57344K, used 9607K [0x00000000c9c00000, 0x0000000100000000)
  region size 1024K, 3 young (3072K), 3 survivors (3072K)
 Metaspace       used 21221K, committed 21504K, reserved 1114112K
  class space    used 2222K, committed 2368K, reserved 1048576K
}
Event: 10.432 GC heap before
{Heap before GC invocations=5 (full 0):
 garbage-first heap   total 40960K, used 28039K [0x00000000c9c00000, 0x0000000100000000)
  region size 1024K, 23 young (23552K), 3 survivors (3072K)
 Metaspace       used 26254K, committed 26560K, reserved 1114112K
  class space    used 2921K, committed 3072K, reserved 1048576K
}
Event: 10.443 GC heap after
{Heap after GC invocations=6 (full 0):
 garbage-first heap   total 40960K, used 10951K [0x00000000c9c00000, 0x0000000100000000)
  region size 1024K, 2 young (2048K), 2 survivors (2048K)
 Metaspace       used 26254K, committed 26560K, reserved 1114112K
  class space    used 2921K, committed 3072K, reserved 1048576K
}

Dll operation events (9 events):
Event: 0.031 Loaded shared library C:\Users\DELL\Desktop\Selenium Data\eclipse\plugins\org.eclipse.justj.openjdk.hotspot.jre.full.win32.x86_64_17.0.7.v20230425-1502\jre\bin\java.dll
Event: 0.199 Loaded shared library C:\Users\DELL\Desktop\Selenium Data\eclipse\plugins\org.eclipse.justj.openjdk.hotspot.jre.full.win32.x86_64_17.0.7.v20230425-1502\jre\bin\net.dll
Event: 0.202 Loaded shared library C:\Users\DELL\Desktop\Selenium Data\eclipse\plugins\org.eclipse.justj.openjdk.hotspot.jre.full.win32.x86_64_17.0.7.v20230425-1502\jre\bin\nio.dll
Event: 0.212 Loaded shared library C:\Users\DELL\Desktop\Selenium Data\eclipse\plugins\org.eclipse.justj.openjdk.hotspot.jre.full.win32.x86_64_17.0.7.v20230425-1502\jre\bin\zip.dll
Event: 0.353 Loaded shared library C:\Users\DELL\Desktop\Selenium Data\eclipse\plugins\org.eclipse.justj.openjdk.hotspot.jre.full.win32.x86_64_17.0.7.v20230425-1502\jre\bin\management.dll
Event: 0.371 Loaded shared library C:\Users\DELL\Desktop\Selenium Data\eclipse\plugins\org.eclipse.justj.openjdk.hotspot.jre.full.win32.x86_64_17.0.7.v20230425-1502\jre\bin\management_ext.dll
Event: 0.412 Loaded shared library C:\Users\DELL\Desktop\Selenium Data\eclipse\plugins\org.eclipse.justj.openjdk.hotspot.jre.full.win32.x86_64_17.0.7.v20230425-1502\jre\bin\jimage.dll
Event: 0.743 Loaded shared library C:\Users\DELL\Desktop\Selenium Data\eclipse\plugins\org.eclipse.justj.openjdk.hotspot.jre.full.win32.x86_64_17.0.7.v20230425-1502\jre\bin\verify.dll
Event: 3.438 Loaded shared library C:\Users\DELL\Desktop\Selenium Data\eclipse\plugins\org.eclipse.justj.openjdk.hotspot.jre.full.win32.x86_64_17.0.7.v20230425-1502\jre\bin\sunmscapi.dll

Deoptimization events (20 events):
Event: 3.452 Thread 0x000001ca8b547cf0 DEOPT PACKING pc=0x000001ca9677d1ec sp=0x00000010a35f9a30
Event: 3.452 Thread 0x000001ca8b547cf0 DEOPT UNPACKING pc=0x000001ca961869a3 sp=0x00000010a35f99e0 mode 2
Event: 3.830 Thread 0x000001ca8b547cf0 DEOPT PACKING pc=0x000001ca8ed61ec7 sp=0x00000010a35f81b0
Event: 3.830 Thread 0x000001ca8b547cf0 DEOPT UNPACKING pc=0x000001ca96187143 sp=0x00000010a35f7610 mode 0
Event: 10.259 Thread 0x000001ca8b547cf0 Uncommon trap: trap_request=0xffffff45 fr.pc=0x000001ca96798118 relative=0x0000000000001018
Event: 10.259 Thread 0x000001ca8b547cf0 Uncommon trap: reason=unstable_if action=reinterpret pc=0x000001ca96798118 method=java.util.concurrent.ConcurrentHashMap.putVal(Ljava/lang/Object;Ljava/lang/Object;Z)Ljava/lang/Object; @ 231 c2
Event: 10.259 Thread 0x000001ca8b547cf0 DEOPT PACKING pc=0x000001ca96798118 sp=0x00000010a35fcfe0
Event: 10.259 Thread 0x000001ca8b547cf0 DEOPT UNPACKING pc=0x000001ca961869a3 sp=0x00000010a35fcf50 mode 2
Event: 17.403 Thread 0x000001ca8b547cf0 Uncommon trap: trap_request=0xffffffcc fr.pc=0x000001ca967b5bb4 relative=0x0000000000000314
Event: 17.404 Thread 0x000001ca8b547cf0 Uncommon trap: reason=intrinsic_or_type_checked_inlining action=make_not_entrant pc=0x000001ca967b5bb4 method=java.util.Arrays.copyOf([Ljava/lang/Object;ILjava/lang/Class;)[Ljava/lang/Object; @ 35 c2
Event: 17.404 Thread 0x000001ca8b547cf0 DEOPT PACKING pc=0x000001ca967b5bb4 sp=0x00000010a35fd080
Event: 17.404 Thread 0x000001ca8b547cf0 DEOPT UNPACKING pc=0x000001ca961869a3 sp=0x00000010a35fd028 mode 2
Event: 21.520 Thread 0x000001ca8b547cf0 Uncommon trap: trap_request=0xffffff45 fr.pc=0x000001ca96765de0 relative=0x00000000000000c0
Event: 21.520 Thread 0x000001ca8b547cf0 Uncommon trap: reason=unstable_if action=reinterpret pc=0x000001ca96765de0 method=java.lang.CharacterDataLatin1.digit(II)I @ 7 c2
Event: 21.520 Thread 0x000001ca8b547cf0 DEOPT PACKING pc=0x000001ca96765de0 sp=0x00000010a35fd0d0
Event: 21.520 Thread 0x000001ca8b547cf0 DEOPT UNPACKING pc=0x000001ca961869a3 sp=0x00000010a35fcf90 mode 2
Event: 21.520 Thread 0x000001ca8b547cf0 Uncommon trap: trap_request=0xffffff45 fr.pc=0x000001ca96765a34 relative=0x0000000000000094
Event: 21.520 Thread 0x000001ca8b547cf0 Uncommon trap: reason=unstable_if action=reinterpret pc=0x000001ca96765a34 method=java.lang.CharacterDataLatin1.digit(II)I @ 7 c2
Event: 21.520 Thread 0x000001ca8b547cf0 DEOPT PACKING pc=0x000001ca96765a34 sp=0x00000010a35fd020
Event: 21.520 Thread 0x000001ca8b547cf0 DEOPT UNPACKING pc=0x000001ca961869a3 sp=0x00000010a35fcfa0 mode 2

Classes unloaded (0 events):
No events

Classes redefined (0 events):
No events

Internal exceptions (20 events):
Event: 10.170 Thread 0x000001ca8b547cf0 Exception <a 'java/lang/NoSuchMethodError'{0x00000000cb0dbee0}: 'java.lang.Object java.lang.invoke.DirectMethodHandle$Holder.invokeSpecialIFC(java.lang.Object, java.lang.Object, java.lang.Object)'> (0x00000000cb0dbee0) 
thrown [s\src\hotspot\share\interpreter\linkResolver.cpp, line 759]
Event: 10.606 Thread 0x000001ca8b547cf0 Exception <a 'java/lang/NoSuchMethodError'{0x00000000ccff4ab8}: 'java.lang.Object java.lang.invoke.DirectMethodHandle$Holder.invokeStatic(java.lang.Object, int, java.lang.Object)'> (0x00000000ccff4ab8) 
thrown [s\src\hotspot\share\interpreter\linkResolver.cpp, line 759]
Event: 10.623 Thread 0x000001ca8b547cf0 Exception <a 'java/lang/ClassNotFoundException'{0x00000000cce095a8}: sun/util/logging/resources/spi/loggingProvider> (0x00000000cce095a8) 
thrown [s\src\hotspot\share\classfile\systemDictionary.cpp, line 256]
Event: 13.212 Thread 0x000001ca8b547cf0 Exception <a 'java/lang/NoSuchMethodError'{0x00000000cbe25950}: 'void java.lang.invoke.DirectMethodHandle$Holder.invokeVirtual(java.lang.Object, java.lang.Object)'> (0x00000000cbe25950) 
thrown [s\src\hotspot\share\interpreter\linkResolver.cpp, line 759]
Event: 13.220 Thread 0x000001ca8b547cf0 Exception <a 'java/lang/NoSuchMethodError'{0x00000000cbe37100}: 'java.lang.Object java.lang.invoke.DirectMethodHandle$Holder.invokeStatic(java.lang.Object, java.lang.Object, int, java.lang.Object)'> (0x00000000cbe37100) 
thrown [s\src\hotspot\share\interpreter\linkResolver.cpp, line 759]
Event: 13.228 Thread 0x000001ca8b547cf0 Exception <a 'java/lang/NoSuchMethodError'{0x00000000cbe3e610}: 'java.lang.Object java.lang.invoke.DirectMethodHandle$Holder.newInvokeSpecial(java.lang.Object, java.lang.Object, int, java.lang.Object)'> (0x00000000cbe3e610) 
thrown [s\src\hotspot\share\interpreter\linkResolver.cpp, line 759]
Event: 13.277 Thread 0x000001caa292b110 Exception <a 'java/lang/NoSuchMethodError'{0x00000000cbe67cc0}: 'void java.lang.invoke.DirectMethodHandle$Holder.invokeSpecial(java.lang.Object, java.lang.Object, int, java.lang.Object, java.lang.Object)'> (0x00000000cbe67cc0) 
thrown [s\src\hotspot\share\interpreter\linkResolver.cpp, line 759]
Event: 14.342 Thread 0x000001caa292c450 Exception <a 'java/net/ConnectException'{0x00000000cbee8bd8}: Connection refused: no further information> (0x00000000cbee8bd8) 
thrown [s\src\hotspot\share\prims\jni.cpp, line 535]
Event: 14.342 Thread 0x000001caa292c450 Exception <a 'java/net/SocketException'{0x00000000cbee8f10}: Socket is not connected: shutdown> (0x00000000cbee8f10) 
thrown [s\src\hotspot\share\prims\jni.cpp, line 535]
Event: 14.358 Thread 0x000001ca8b547cf0 Exception <a 'java/net/SocketException'{0x00000000cbec4fd8}: Socket is not connected: shutdown> (0x00000000cbec4fd8) 
thrown [s\src\hotspot\share\prims\jni.cpp, line 535]
Event: 14.359 Thread 0x000001ca8b547cf0 Exception <a 'java/net/SocketException'{0x00000000cbec5840}: Socket is not connected: shutdown> (0x00000000cbec5840) 
thrown [s\src\hotspot\share\prims\jni.cpp, line 535]
Event: 15.148 Thread 0x000001caa292c450 Exception <a 'java/net/ConnectException'{0x00000000cbee9f08}: Connection refused: no further information> (0x00000000cbee9f08) 
thrown [s\src\hotspot\share\prims\jni.cpp, line 535]
Event: 15.148 Thread 0x000001caa292c450 Exception <a 'java/net/SocketException'{0x00000000cbeea240}: Socket is not connected: shutdown> (0x00000000cbeea240) 
thrown [s\src\hotspot\share\prims\jni.cpp, line 535]
Event: 15.161 Thread 0x000001caa292c450 Exception <a 'java/net/ConnectException'{0x00000000cbeeb218}: Connection refused: no further information> (0x00000000cbeeb218) 
thrown [s\src\hotspot\share\prims\jni.cpp, line 535]
Event: 15.161 Thread 0x000001caa292c450 Exception <a 'java/net/SocketException'{0x00000000cbeeb550}: Socket is not connected: shutdown> (0x00000000cbeeb550) 
thrown [s\src\hotspot\share\prims\jni.cpp, line 535]
Event: 15.193 Thread 0x000001caa292c450 Exception <a 'java/net/ConnectException'{0x00000000cbeec528}: Connection refused: no further information> (0x00000000cbeec528) 
thrown [s\src\hotspot\share\prims\jni.cpp, line 535]
Event: 15.193 Thread 0x000001caa292c450 Exception <a 'java/net/SocketException'{0x00000000cbeec860}: Socket is not connected: shutdown> (0x00000000cbeec860) 
thrown [s\src\hotspot\share\prims\jni.cpp, line 535]
Event: 21.291 Thread 0x000001ca8b547cf0 Exception <a 'java/lang/NoSuchMethodError'{0x00000000cb8eaca8}: 'void java.lang.invoke.DirectMethodHandle$Holder.invokeVirtual(java.lang.Object, java.lang.Object, java.lang.Object, java.lang.Object)'> (0x00000000cb8eaca8) 
thrown [s\src\hotspot\share\interpreter\linkResolver.cpp, line 759]
Event: 21.349 Thread 0x000001ca8b547cf0 Exception <a 'java/lang/NoSuchMethodError'{0x00000000cb71d088}: 'void java.lang.invoke.DirectMethodHandle$Holder.invokeStatic(java.lang.Object, java.lang.Object, java.lang.Object, int)'> (0x00000000cb71d088) 
thrown [s\src\hotspot\share\interpreter\linkResolver.cpp, line 759]
Event: 21.350 Thread 0x000001ca8b547cf0 Exception <a 'java/lang/NoSuchMethodError'{0x00000000cb7207f0}: 'void java.lang.invoke.DirectMethodHandle$Holder.invokeStaticInit(java.lang.Object, java.lang.Object, java.lang.Object, int)'> (0x00000000cb7207f0) 
thrown [s\src\hotspot\share\interpreter\linkResolver.cpp, line 759]

VM Operations (20 events):
Event: 4.734 Executing VM operation: Cleanup
Event: 4.734 Executing VM operation: Cleanup done
Event: 9.837 Executing VM operation: HandshakeAllThreads
Event: 9.837 Executing VM operation: HandshakeAllThreads done
Event: 10.432 Executing VM operation: G1CollectForAllocation
Event: 10.444 Executing VM operation: G1CollectForAllocation done
Event: 11.450 Executing VM operation: Cleanup
Event: 11.450 Executing VM operation: Cleanup done
Event: 12.459 Executing VM operation: Cleanup
Event: 12.460 Executing VM operation: Cleanup done
Event: 13.472 Executing VM operation: Cleanup
Event: 13.472 Executing VM operation: Cleanup done
Event: 14.480 Executing VM operation: Cleanup
Event: 14.480 Executing VM operation: Cleanup done
Event: 15.484 Executing VM operation: Cleanup
Event: 15.485 Executing VM operation: Cleanup done
Event: 17.502 Executing VM operation: Cleanup
Event: 17.502 Executing VM operation: Cleanup done
Event: 18.516 Executing VM operation: Cleanup
Event: 18.516 Executing VM operation: Cleanup done

Events (20 events):
Event: 21.472 loading class java/util/TreeMap$ValueIterator
Event: 21.472 loading class java/util/TreeMap$ValueIterator done
Event: 21.493 loading class com/sun/org/apache/xerces/internal/dom/DeferredTextImpl
Event: 21.494 loading class com/sun/org/apache/xerces/internal/dom/TextImpl
Event: 21.494 loading class org/w3c/dom/CharacterData
Event: 21.494 loading class org/w3c/dom/CharacterData done
Event: 21.494 loading class org/w3c/dom/Text
Event: 21.494 loading class org/w3c/dom/Text done
Event: 21.494 loading class com/sun/org/apache/xerces/internal/dom/CharacterDataImpl
Event: 21.494 loading class com/sun/org/apache/xerces/internal/dom/CharacterDataImpl done
Event: 21.494 loading class com/sun/org/apache/xerces/internal/dom/TextImpl done
Event: 21.494 loading class com/sun/org/apache/xerces/internal/dom/DeferredTextImpl done
Event: 21.495 loading class com/sun/org/apache/xerces/internal/dom/CharacterDataImpl$1
Event: 21.495 loading class com/sun/org/apache/xerces/internal/dom/CharacterDataImpl$1 done
Event: 21.495 loading class java/util/regex/Pattern$1
Event: 21.495 loading class java/util/regex/Pattern$1 done
Event: 21.518 loading class java/text/ParsePosition
Event: 21.518 loading class java/text/ParsePosition done
Event: 21.518 loading class java/text/CalendarBuilder
Event: 21.519 loading class java/text/CalendarBuilder done


Dynamic libraries:
0x00007ff62ee30000 - 0x00007ff62ee3e000 	C:\Users\DELL\Desktop\Selenium Data\eclipse\plugins\org.eclipse.justj.openjdk.hotspot.jre.full.win32.x86_64_17.0.7.v20230425-1502\jre\bin\java.exe
0x00007ff875df0000 - 0x00007ff876007000 	C:\WINDOWS\SYSTEM32\ntdll.dll
0x00007ff8746d0000 - 0x00007ff874794000 	C:\WINDOWS\System32\KERNEL32.DLL
0x00007ff873410000 - 0x00007ff8737b6000 	C:\WINDOWS\System32\KERNELBASE.dll
0x00007ff8731d0000 - 0x00007ff8732e1000 	C:\WINDOWS\System32\ucrtbase.dll
0x00007ff861f50000 - 0x00007ff861f69000 	C:\Users\DELL\Desktop\Selenium Data\eclipse\plugins\org.eclipse.justj.openjdk.hotspot.jre.full.win32.x86_64_17.0.7.v20230425-1502\jre\bin\VCRUNTIME140.dll
0x00007ff861f70000 - 0x00007ff861f87000 	C:\Users\DELL\Desktop\Selenium Data\eclipse\plugins\org.eclipse.justj.openjdk.hotspot.jre.full.win32.x86_64_17.0.7.v20230425-1502\jre\bin\jli.dll
0x00007ff873c90000 - 0x00007ff873e3e000 	C:\WINDOWS\System32\USER32.dll
0x00007ff873900000 - 0x00007ff873926000 	C:\WINDOWS\System32\win32u.dll
0x00007ff873b40000 - 0x00007ff873b69000 	C:\WINDOWS\System32\GDI32.dll
0x00007ff8732f0000 - 0x00007ff873408000 	C:\WINDOWS\System32\gdi32full.dll
0x00007ff862f50000 - 0x00007ff8631e3000 	C:\WINDOWS\WinSxS\amd64_microsoft.windows.common-controls_6595b64144ccf1df_6.0.22621.2506_none_270c5ae97388e100\COMCTL32.dll
0x00007ff873aa0000 - 0x00007ff873b3a000 	C:\WINDOWS\System32\msvcp_win.dll
0x00007ff873f70000 - 0x00007ff874017000 	C:\WINDOWS\System32\msvcrt.dll
0x00007ff875710000 - 0x00007ff875741000 	C:\WINDOWS\System32\IMM32.DLL
0x00007ff865780000 - 0x00007ff86578c000 	C:\Users\DELL\Desktop\Selenium Data\eclipse\plugins\org.eclipse.justj.openjdk.hotspot.jre.full.win32.x86_64_17.0.7.v20230425-1502\jre\bin\vcruntime140_1.dll
0x00007ff841170000 - 0x00007ff841201000 	C:\Users\DELL\Desktop\Selenium Data\eclipse\plugins\org.eclipse.justj.openjdk.hotspot.jre.full.win32.x86_64_17.0.7.v20230425-1502\jre\bin\msvcp140.dll
0x00007ff81f6b0000 - 0x00007ff8202f8000 	C:\Users\DELL\Desktop\Selenium Data\eclipse\plugins\org.eclipse.justj.openjdk.hotspot.jre.full.win32.x86_64_17.0.7.v20230425-1502\jre\bin\server\jvm.dll
0x00007ff8744e0000 - 0x00007ff874591000 	C:\WINDOWS\System32\ADVAPI32.dll
0x00007ff873e40000 - 0x00007ff873ee5000 	C:\WINDOWS\System32\sechost.dll
0x00007ff873b70000 - 0x00007ff873c87000 	C:\WINDOWS\System32\RPCRT4.dll
0x00007ff86b220000 - 0x00007ff86b254000 	C:\WINDOWS\SYSTEM32\WINMM.dll
0x00007ff86aca0000 - 0x00007ff86acaa000 	C:\WINDOWS\SYSTEM32\VERSION.dll
0x00007ff865090000 - 0x00007ff865099000 	C:\WINDOWS\SYSTEM32\WSOCK32.dll
0x00007ff875200000 - 0x00007ff875271000 	C:\WINDOWS\System32\WS2_32.dll
0x00007ff872160000 - 0x00007ff872178000 	C:\WINDOWS\SYSTEM32\kernel.appcore.dll
0x00007ff869b90000 - 0x00007ff869b9a000 	C:\Users\DELL\Desktop\Selenium Data\eclipse\plugins\org.eclipse.justj.openjdk.hotspot.jre.full.win32.x86_64_17.0.7.v20230425-1502\jre\bin\jimage.dll
0x00007ff869cf0000 - 0x00007ff869f23000 	C:\WINDOWS\SYSTEM32\DBGHELP.DLL
0x00007ff874130000 - 0x00007ff8744b9000 	C:\WINDOWS\System32\combase.dll
0x00007ff875840000 - 0x00007ff875917000 	C:\WINDOWS\System32\OLEAUT32.dll
0x00007ff85aa00000 - 0x00007ff85aa32000 	C:\WINDOWS\SYSTEM32\dbgcore.DLL
0x00007ff873880000 - 0x00007ff8738fa000 	C:\WINDOWS\System32\bcryptPrimitives.dll
0x00007ff862100000 - 0x00007ff862125000 	C:\Users\DELL\Desktop\Selenium Data\eclipse\plugins\org.eclipse.justj.openjdk.hotspot.jre.full.win32.x86_64_17.0.7.v20230425-1502\jre\bin\java.dll
0x00007ff8520b0000 - 0x00007ff8520c8000 	C:\Users\DELL\Desktop\Selenium Data\eclipse\plugins\org.eclipse.justj.openjdk.hotspot.jre.full.win32.x86_64_17.0.7.v20230425-1502\jre\bin\zip.dll
0x00007ff8747a0000 - 0x00007ff874ffa000 	C:\WINDOWS\System32\SHELL32.dll
0x00007ff871080000 - 0x00007ff871976000 	C:\WINDOWS\SYSTEM32\windows.storage.dll
0x00007ff870f40000 - 0x00007ff87107e000 	C:\WINDOWS\SYSTEM32\wintypes.dll
0x00007ff875940000 - 0x00007ff875a33000 	C:\WINDOWS\System32\SHCORE.dll
0x00007ff8751a0000 - 0x00007ff8751fe000 	C:\WINDOWS\System32\shlwapi.dll
0x00007ff873090000 - 0x00007ff8730b6000 	C:\WINDOWS\SYSTEM32\profapi.dll
0x00007ff862c10000 - 0x00007ff862c29000 	C:\Users\DELL\Desktop\Selenium Data\eclipse\plugins\org.eclipse.justj.openjdk.hotspot.jre.full.win32.x86_64_17.0.7.v20230425-1502\jre\bin\net.dll
0x00007ff86b010000 - 0x00007ff86b147000 	C:\WINDOWS\SYSTEM32\WINHTTP.dll
0x00007ff8725e0000 - 0x00007ff872649000 	C:\WINDOWS\system32\mswsock.dll
0x00007ff851a20000 - 0x00007ff851a35000 	C:\Users\DELL\Desktop\Selenium Data\eclipse\plugins\org.eclipse.justj.openjdk.hotspot.jre.full.win32.x86_64_17.0.7.v20230425-1502\jre\bin\nio.dll
0x00007ff866910000 - 0x00007ff866919000 	C:\Users\DELL\Desktop\Selenium Data\eclipse\plugins\org.eclipse.justj.openjdk.hotspot.jre.full.win32.x86_64_17.0.7.v20230425-1502\jre\bin\management.dll
0x00007ff865930000 - 0x00007ff86593b000 	C:\Users\DELL\Desktop\Selenium Data\eclipse\plugins\org.eclipse.justj.openjdk.hotspot.jre.full.win32.x86_64_17.0.7.v20230425-1502\jre\bin\management_ext.dll
0x00007ff873ef0000 - 0x00007ff873ef8000 	C:\WINDOWS\System32\PSAPI.DLL
0x00007ff8657d0000 - 0x00007ff8657e0000 	C:\Users\DELL\Desktop\Selenium Data\eclipse\plugins\org.eclipse.justj.openjdk.hotspot.jre.full.win32.x86_64_17.0.7.v20230425-1502\jre\bin\verify.dll
0x00007ff872830000 - 0x00007ff87284b000 	C:\WINDOWS\SYSTEM32\CRYPTSP.dll
0x00007ff8720c0000 - 0x00007ff8720f5000 	C:\WINDOWS\system32\rsaenh.dll
0x00007ff8726d0000 - 0x00007ff8726fc000 	C:\WINDOWS\SYSTEM32\USERENV.dll
0x00007ff872a20000 - 0x00007ff872a48000 	C:\WINDOWS\SYSTEM32\bcrypt.dll
0x00007ff872850000 - 0x00007ff87285c000 	C:\WINDOWS\SYSTEM32\CRYPTBASE.dll
0x00007ff871c20000 - 0x00007ff871c4d000 	C:\WINDOWS\SYSTEM32\IPHLPAPI.DLL
0x00007ff874120000 - 0x00007ff874129000 	C:\WINDOWS\System32\NSI.dll
0x00007ff86b1d0000 - 0x00007ff86b1e9000 	C:\WINDOWS\SYSTEM32\dhcpcsvc6.DLL
0x00007ff86aff0000 - 0x00007ff86b00f000 	C:\WINDOWS\SYSTEM32\dhcpcsvc.DLL
0x00007ff871c50000 - 0x00007ff871d49000 	C:\WINDOWS\SYSTEM32\DNSAPI.dll
0x00007ff869ab0000 - 0x00007ff869aba000 	C:\Windows\System32\rasadhlp.dll
0x00007ff86aa40000 - 0x00007ff86aac3000 	C:\WINDOWS\System32\fwpuclnt.dll
0x00007ff865790000 - 0x00007ff86579e000 	C:\Users\DELL\Desktop\Selenium Data\eclipse\plugins\org.eclipse.justj.openjdk.hotspot.jre.full.win32.x86_64_17.0.7.v20230425-1502\jre\bin\sunmscapi.dll
0x00007ff873930000 - 0x00007ff873a96000 	C:\WINDOWS\System32\CRYPT32.dll
0x00007ff8729f0000 - 0x00007ff872a1d000 	C:\WINDOWS\SYSTEM32\ncrypt.dll
0x00007ff8729b0000 - 0x00007ff8729e7000 	C:\WINDOWS\SYSTEM32\NTASN1.dll
0x00007ff863590000 - 0x00007ff863598000 	C:\WINDOWS\system32\wshunix.dll

dbghelp: loaded successfully - version: 4.0.5 - missing functions: none
symbol engine: initialized successfully - sym options: 0x614 - pdb path: .;C:\Users\DELL\Desktop\Selenium Data\eclipse\plugins\org.eclipse.justj.openjdk.hotspot.jre.full.win32.x86_64_17.0.7.v20230425-1502\jre\bin;C:\WINDOWS\SYSTEM32;C:\WINDOWS\WinSxS\amd64_microsoft.windows.common-controls_6595b64144ccf1df_6.0.22621.2506_none_270c5ae97388e100;C:\Users\DELL\Desktop\Selenium Data\eclipse\plugins\org.eclipse.justj.openjdk.hotspot.jre.full.win32.x86_64_17.0.7.v20230425-1502\jre\bin\server

VM Arguments:
java_command: C:\Users\DELL\AppData\Local\Temp\surefire13538697362301492670\surefirebooter2467716816685541145.jar C:\Users\DELL\AppData\Local\Temp\surefire13538697362301492670 2024-01-06T01-28-38_887-jvmRun1 surefire9593144280505702615tmp surefire_014889236012916831467tmp
java_class_path (initial): C:\Users\DELL\AppData\Local\Temp\surefire13538697362301492670\surefirebooter2467716816685541145.jar
Launcher Type: SUN_STANDARD

[Global flags]
     intx CICompilerCount                          = 3                                         {product} {ergonomic}
     uint ConcGCThreads                            = 1                                         {product} {ergonomic}
     uint G1ConcRefinementThreads                  = 4                                         {product} {ergonomic}
   size_t G1HeapRegionSize                         = 1048576                                   {product} {ergonomic}
    uintx GCDrainStackTargetSize                   = 64                                        {product} {ergonomic}
   size_t InitialHeapSize                          = 58720256                                  {product} {ergonomic}
   size_t MarkStackSize                            = 4194304                                   {product} {ergonomic}
   size_t MaxHeapSize                              = 910163968                                 {product} {ergonomic}
   size_t MaxNewSize                               = 545259520                                 {product} {ergonomic}
   size_t MinHeapDeltaBytes                        = 1048576                                   {product} {ergonomic}
   size_t MinHeapSize                              = 8388608                                   {product} {ergonomic}
    uintx NonNMethodCodeHeapSize                   = 5832780                                {pd product} {ergonomic}
    uintx NonProfiledCodeHeapSize                  = 122912730                              {pd product} {ergonomic}
    uintx ProfiledCodeHeapSize                     = 122912730                              {pd product} {ergonomic}
    uintx ReservedCodeCacheSize                    = 251658240                              {pd product} {ergonomic}
     bool SegmentedCodeCache                       = true                                      {product} {ergonomic}
   size_t SoftMaxHeapSize                          = 910163968                              {manageable} {ergonomic}
     bool UseCompressedClassPointers               = true                           {product lp64_product} {ergonomic}
     bool UseCompressedOops                        = true                           {product lp64_product} {ergonomic}
     bool UseG1GC                                  = true                                      {product} {ergonomic}
     bool UseLargePagesIndividualAllocation        = false                                  {pd product} {ergonomic}

Logging:
Log output configuration:
 #0: stdout all=warning uptime,level,tags
 #1: stderr all=off uptime,level,tags

Environment Variables:
PATH=C:/Users/DELL/Desktop/Selenium Data/eclipse//plugins/org.eclipse.justj.openjdk.hotspot.jre.full.win32.x86_64_17.0.7.v20230425-1502/jre/bin/server;C:/Users/DELL/Desktop/Selenium Data/eclipse//plugins/org.eclipse.justj.openjdk.hotspot.jre.full.win32.x86_64_17.0.7.v20230425-1502/jre/bin;C:\Program Files (x86)\VMware\VMware Workstation\bin\;C:\Program Files\Common Files\Oracle\Java\javapath;C:\oracle\product\10.2.0\db_5\bin;C:\oracle\product\10.2.0\db_4\bin;C:\oracle\product\10.2.0\db_3\bin;C:\oracle\product\10.2.0\db_2\bin;C:\oracle\product\10.2.0\db_1\bin;C:\WINDOWS\system32;C:\WINDOWS;C:\WINDOWS\System32\Wbem;C:\WINDOWS\System32\WindowsPowerShell\v1.0\;C:\WINDOWS\System32\OpenSSH\;C:\Program Files\Java\jdk-17.0.1\bin;C:\Program Files\nodejs\;C:\Program Files\Git\cmd;C:\Users\DELL\AppData\Local\Microsoft\WindowsApps;C:\Program Files\Java\jdk-17.0.1\bin;C:\Users\DELL\AppData\Roaming\npm;C:\Program Files\Maven\apache-maven-3.9.6\bin;;C:\Users\DELL\Desktop\Selenium Data\eclipse;
USERNAME=DELL
OS=Windows_NT
PROCESSOR_IDENTIFIER=AMD64 Family 23 Model 24 Stepping 1, AuthenticAMD
TMP=C:\Users\DELL\AppData\Local\Temp
TEMP=C:\Users\DELL\AppData\Local\Temp



---------------  S Y S T E M  ---------------

OS:
 Windows 11 , 64 bit Build 22621 (10.0.22621.2506)
OS uptime: 18 days 3:22 hours

CPU: total 4 (initial active 4) (4 cores per cpu, 2 threads per core) family 23 model 24 stepping 1 microcode 0x0, cx8, cmov, fxsr, ht, mmx, 3dnowpref, sse, sse2, sse3, ssse3, sse4a, sse4.1, sse4.2, popcnt, lzcnt, tsc, tscinvbit, avx, avx2, aes, clmul, bmi1, bmi2, adx, sha, fma, vzeroupper, clflush, clflushopt

Memory: 4k page, system-wide physical 3470M (114M free)
TotalPageFile size 14222M (AvailPageFile size 0M)
current process WorkingSet (physical memory assigned to process): 118M, peak: 118M
current process commit charge ("private bytes"): 149M, peak: 162M

vm_info: OpenJDK 64-Bit Server VM (17.0.7+7) for windows-amd64 JRE (17.0.7+7), built on Apr 18 2023 22:10:42 by "temurin" with MS VC++ 16.7 (VS2019)

END.
